Analysis & Synthesis report for elevator
Tue Jun 17 21:21:49 2014
Quartus II Version 7.2 Build 151 09/26/2007 SJ Full Version


---------------------
; Table of Contents ;
---------------------
  1. Legal Notice
  2. Analysis & Synthesis Summary
  3. Analysis & Synthesis Settings
  4. Analysis & Synthesis Source Files Read
  5. Analysis & Synthesis Resource Usage Summary
  6. Analysis & Synthesis Resource Utilization by Entity
  7. General Register Statistics
  8. Parameter Settings for User Entity Instance: doormotor:inst1|74161:inst
  9. Parameter Settings for User Entity Instance: doormotor:inst1|74161:inst5
 10. Parameter Settings for User Entity Instance: doormotor:inst1|74161:inst6
 11. Parameter Settings for User Entity Instance: nextfloor:inst21|7485:inst28
 12. Parameter Settings for User Entity Instance: nextfloor:inst21|7485:inst18
 13. Parameter Settings for User Entity Instance: nextfloor:inst21|7485:inst24
 14. Parameter Settings for User Entity Instance: nextfloor:inst21|7485:inst41
 15. Parameter Settings for User Entity Instance: nextfloor:inst21|7485:inst46
 16. Parameter Settings for User Entity Instance: nextfloor:inst21|7485:inst23
 17. Parameter Settings for User Entity Instance: motion:inst49|74161:inst21
 18. Analysis & Synthesis Messages



----------------
; Legal Notice ;
----------------
Copyright (C) 1991-2007 Altera Corporation
Your use of Altera Corporation's design tools, logic functions 
and other software and tools, and its AMPP partner logic 
functions, and any output files from any of the foregoing 
(including device programming or simulation files), and any 
associated documentation or information are expressly subject 
to the terms and conditions of the Altera Program License 
Subscription Agreement, Altera MegaCore Function License 
Agreement, or other applicable license agreement, including, 
without limitation, that your use is for the sole purpose of 
programming logic devices manufactured by Altera and sold by 
Altera or its authorized distributors.  Please refer to the 
applicable agreement for further details.



+------------------------------------------------------------------------+
; Analysis & Synthesis Summary                                           ;
+-----------------------------+------------------------------------------+
; Analysis & Synthesis Status ; Successful - Tue Jun 17 21:21:49 2014    ;
; Quartus II Version          ; 7.2 Build 151 09/26/2007 SJ Full Version ;
; Revision Name               ; elevator                                 ;
; Top-level Entity Name       ; elevator                                 ;
; Family                      ; MAX II                                   ;
; Total logic elements        ; 238                                      ;
; Total pins                  ; 59                                       ;
; Total virtual pins          ; 0                                        ;
; Total memory bits           ; 0                                        ;
; DSP block 9-bit elements    ; 0                                        ;
; Total PLLs                  ; 0                                        ;
; Total DLLs                  ; 0                                        ;
+-----------------------------+------------------------------------------+


+--------------------------------------------------------------------------------------------------------------------------+
; Analysis & Synthesis Settings                                                                                            ;
+--------------------------------------------------------------------------------+--------------------+--------------------+
; Option                                                                         ; Setting            ; Default Value      ;
+--------------------------------------------------------------------------------+--------------------+--------------------+
; Device                                                                         ; EPM240T100C5       ;                    ;
; Top-level entity name                                                          ; elevator           ; elevator           ;
; Family name                                                                    ; MAX II             ; Stratix II         ;
; Remove Redundant Logic Cells                                                   ; On                 ; Off                ;
; Ignore CASCADE Buffers                                                         ; On                 ; Off                ;
; Ignore LCELL Buffers                                                           ; On                 ; Off                ;
; Optimization Technique -- MAX II                                               ; Area               ; Balanced           ;
; Perform WYSIWYG Primitive Resynthesis                                          ; On                 ; Off                ;
; Use Generated Physical Constraints File                                        ; Off                ;                    ;
; Auto Shift Register Replacement                                                ; Always             ; Auto               ;
; Use smart compilation                                                          ; Off                ; Off                ;
; Maximum processors allowed for parallel compilation                            ; 1                  ; 1                  ;
; Restructure Multiplexers                                                       ; Auto               ; Auto               ;
; Create Debugging Nodes for IP Cores                                            ; Off                ; Off                ;
; Preserve fewer node names                                                      ; On                 ; On                 ;
; Disable OpenCore Plus hardware evaluation                                      ; Off                ; Off                ;
; Verilog Version                                                                ; Verilog_2001       ; Verilog_2001       ;
; VHDL Version                                                                   ; VHDL93             ; VHDL93             ;
; State Machine Processing                                                       ; Auto               ; Auto               ;
; Safe State Machine                                                             ; Off                ; Off                ;
; Extract Verilog State Machines                                                 ; On                 ; On                 ;
; Extract VHDL State Machines                                                    ; On                 ; On                 ;
; Ignore Verilog initial constructs                                              ; Off                ; Off                ;
; Add Pass-Through Logic to Inferred RAMs                                        ; On                 ; On                 ;
; Parallel Synthesis                                                             ; Off                ; Off                ;
; NOT Gate Push-Back                                                             ; On                 ; On                 ;
; Power-Up Don't Care                                                            ; On                 ; On                 ;
; Remove Duplicate Registers                                                     ; On                 ; On                 ;
; Ignore CARRY Buffers                                                           ; Off                ; Off                ;
; Ignore GLOBAL Buffers                                                          ; Off                ; Off                ;
; Ignore ROW GLOBAL Buffers                                                      ; Off                ; Off                ;
; Ignore SOFT Buffers                                                            ; On                 ; On                 ;
; Limit AHDL Integers to 32 Bits                                                 ; Off                ; Off                ;
; Carry Chain Length -- Stratix/Stratix GX/Cyclone/MAX II/Cyclone II/Cyclone III ; 70                 ; 70                 ;
; Auto Carry Chains                                                              ; On                 ; On                 ;
; Auto Open-Drain Pins                                                           ; On                 ; On                 ;
; Perform gate-level register retiming                                           ; Off                ; Off                ;
; Allow register retiming to trade off Tsu/Tco with Fmax                         ; On                 ; On                 ;
; Auto Clock Enable Replacement                                                  ; On                 ; On                 ;
; Allow Synchronous Control Signals                                              ; On                 ; On                 ;
; Force Use of Synchronous Clear Signals                                         ; Off                ; Off                ;
; Auto Resource Sharing                                                          ; Off                ; Off                ;
; Ignore translate_off and synthesis_off directives                              ; Off                ; Off                ;
; Show Parameter Settings Tables in Synthesis Report                             ; On                 ; On                 ;
; Ignore Maximum Fan-Out Assignments                                             ; Off                ; Off                ;
; Retiming Meta-Stability Register Sequence Length                               ; 2                  ; 2                  ;
; PowerPlay Power Optimization                                                   ; Normal compilation ; Normal compilation ;
; HDL message level                                                              ; Level2             ; Level2             ;
; Suppress Register Optimization Related Messages                                ; Off                ; Off                ;
; Number of Removed Registers Reported in Synthesis Report                       ; 100                ; 100                ;
; Clock MUX Protection                                                           ; On                 ; On                 ;
; Block Design Naming                                                            ; Auto               ; Auto               ;
+--------------------------------------------------------------------------------+--------------------+--------------------+


+-----------------------------------------------------------------------------------------------------------------------------------------------------+
; Analysis & Synthesis Source Files Read                                                                                                              ;
+----------------------------------+-----------------+------------------------------------+-----------------------------------------------------------+
; File Name with User-Entered Path ; Used in Netlist ; File Type                          ; File Name with Absolute Path                              ;
+----------------------------------+-----------------+------------------------------------+-----------------------------------------------------------+
; motion.bdf                       ; yes             ; User Block Diagram/Schematic File  ; E:/QuatusII/elevator/motion.bdf                           ;
; keyinput.bdf                     ; yes             ; User Block Diagram/Schematic File  ; E:/QuatusII/elevator/keyinput.bdf                         ;
; elevator.bdf                     ; yes             ; User Block Diagram/Schematic File  ; E:/QuatusII/elevator/elevator.bdf                         ;
; timescale.bdf                    ; yes             ; User Block Diagram/Schematic File  ; E:/QuatusII/elevator/timescale.bdf                        ;
; doormotor.bdf                    ; yes             ; User Block Diagram/Schematic File  ; E:/QuatusII/elevator/doormotor.bdf                        ;
; updownkey.bdf                    ; yes             ; User Block Diagram/Schematic File  ; E:/QuatusII/elevator/updownkey.bdf                        ;
; 10fenpin.bdf                     ; yes             ; User Block Diagram/Schematic File  ; E:/QuatusII/elevator/10fenpin.bdf                         ;
; floorchoice.bdf                  ; yes             ; User Block Diagram/Schematic File  ; E:/QuatusII/elevator/floorchoice.bdf                      ;
; floorcount.bdf                   ; yes             ; User Block Diagram/Schematic File  ; E:/QuatusII/elevator/floorcount.bdf                       ;
; display.bdf                      ; yes             ; User Block Diagram/Schematic File  ; E:/QuatusII/elevator/display.bdf                          ;
; nextfloor.bdf                    ; yes             ; User Block Diagram/Schematic File  ; E:/QuatusII/elevator/nextfloor.bdf                        ;
; ENCODE_LF.bdf                    ; yes             ; User Block Diagram/Schematic File  ; E:/QuatusII/elevator/ENCODE_LF.bdf                        ;
; otherdevice.bdf                  ; yes             ; User Block Diagram/Schematic File  ; E:/QuatusII/elevator/otherdevice.bdf                      ;
; floorruncount.bdf                ; yes             ; User Block Diagram/Schematic File  ; E:/QuatusII/elevator/floorruncount.bdf                    ;
; 5counter.bdf                     ; yes             ; User Block Diagram/Schematic File  ; E:/QuatusII/elevator/5counter.bdf                         ;
; DECODER.bdf                      ; yes             ; User Block Diagram/Schematic File  ; E:/QuatusII/elevator/DECODER.bdf                          ;
; 50counter.bdf                    ; yes             ; User Block Diagram/Schematic File  ; E:/QuatusII/elevator/50counter.bdf                        ;
; 4counter.bdf                     ; yes             ; User Block Diagram/Schematic File  ; E:/QuatusII/elevator/4counter.bdf                         ;
; 74190.bdf                        ; yes             ; Megafunction                       ; d:/quatersii/quartus/libraries/others/maxplus2/74190.bdf  ;
; 74113o.bdf                       ; yes             ; Megafunction                       ; d:/quatersii/quartus/libraries/others/maxplus2/74113o.bdf ;
; 7473o.bdf                        ; yes             ; Megafunction                       ; d:/quatersii/quartus/libraries/others/maxplus2/7473o.bdf  ;
; 74161.tdf                        ; yes             ; Megafunction                       ; d:/quatersii/quartus/libraries/others/maxplus2/74161.tdf  ;
; aglobal.inc                      ; yes             ; Megafunction                       ; d:/quatersii/quartus/libraries/megafunctions/aglobal.inc  ;
; f74161.bdf                       ; yes             ; Megafunction                       ; d:/quatersii/quartus/libraries/others/maxplus2/f74161.bdf ;
; 74113.bdf                        ; yes             ; Megafunction                       ; d:/quatersii/quartus/libraries/others/maxplus2/74113.bdf  ;
; 74138.bdf                        ; yes             ; Megafunction                       ; d:/quatersii/quartus/libraries/others/maxplus2/74138.bdf  ;
; 7485.tdf                         ; yes             ; Megafunction                       ; d:/quatersii/quartus/libraries/others/maxplus2/7485.tdf   ;
; f7485.bdf                        ; yes             ; Megafunction                       ; d:/quatersii/quartus/libraries/others/maxplus2/f7485.bdf  ;
; 74148.bdf                        ; yes             ; Megafunction                       ; d:/quatersii/quartus/libraries/others/maxplus2/74148.bdf  ;
+----------------------------------+-----------------+------------------------------------+-----------------------------------------------------------+


+-----------------------------------------------------+
; Analysis & Synthesis Resource Usage Summary         ;
+---------------------------------------------+-------+
; Resource                                    ; Usage ;
+---------------------------------------------+-------+
; Total logic elements                        ; 238   ;
;     -- Combinational with no register       ; 136   ;
;     -- Register only                        ; 1     ;
;     -- Combinational with a register        ; 101   ;
;                                             ;       ;
; Logic element usage by number of LUT inputs ;       ;
;     -- 4 input functions                    ; 116   ;
;     -- 3 input functions                    ; 62    ;
;     -- 2 input functions                    ; 39    ;
;     -- 1 input functions                    ; 20    ;
;     -- 0 input functions                    ; 0     ;
;                                             ;       ;
; Logic elements by mode                      ;       ;
;     -- normal mode                          ; 229   ;
;     -- arithmetic mode                      ; 9     ;
;     -- qfbk mode                            ; 0     ;
;     -- register cascade mode                ; 0     ;
;     -- synchronous clear/load mode          ; 0     ;
;     -- asynchronous clear/load mode         ; 32    ;
;                                             ;       ;
; Total registers                             ; 102   ;
; Total logic cells in carry chains           ; 13    ;
; I/O pins                                    ; 59    ;
; Maximum fan-out node                        ; 10KHZ ;
; Maximum fan-out                             ; 34    ;
; Total fan-out                               ; 923   ;
; Average fan-out                             ; 3.11  ;
+---------------------------------------------+-------+


+--------------------------------------------------------------------------------------------------------------------------------------------------------------------------------------------------------------------------------------------------------------------------------------------------------------------------------+
; Analysis & Synthesis Resource Utilization by Entity                                                                                                                                                                                                                                                                            ;
+----------------------------+-------------+--------------+-------------+--------------+---------+-----------+-----------+------+--------------+--------------+-------------------+------------------+-----------------+------------+-----------------------------------------------------------------------------+--------------+
; Compilation Hierarchy Node ; Logic Cells ; LC Registers ; Memory Bits ; DSP Elements ; DSP 9x9 ; DSP 18x18 ; DSP 36x36 ; Pins ; Virtual Pins ; LUT-Only LCs ; Register-Only LCs ; LUT/Register LCs ; Carry Chain LCs ; Packed LCs ; Full Hierarchy Name                                                         ; Library Name ;
+----------------------------+-------------+--------------+-------------+--------------+---------+-----------+-----------+------+--------------+--------------+-------------------+------------------+-----------------+------------+-----------------------------------------------------------------------------+--------------+
; |elevator                  ; 238 (18)    ; 102          ; 0           ; 0            ; 0       ; 0         ; 0         ; 59   ; 0            ; 136 (17)     ; 1 (0)             ; 101 (1)          ; 13 (0)          ; 0 (0)      ; |elevator                                                                   ; work         ;
;    |74113o:inst10|         ; 1 (1)       ; 1            ; 0           ; 0            ; 0       ; 0         ; 0         ; 0    ; 0            ; 0 (0)        ; 0 (0)             ; 1 (1)            ; 0 (0)           ; 0 (0)      ; |elevator|74113o:inst10                                                     ; work         ;
;    |display:inst5|         ; 4 (4)       ; 0            ; 0           ; 0            ; 0       ; 0         ; 0         ; 0    ; 0            ; 4 (4)        ; 0 (0)             ; 0 (0)            ; 0 (0)           ; 0 (0)      ; |elevator|display:inst5                                                     ; work         ;
;    |doormotor:inst1|       ; 30 (7)      ; 12           ; 0           ; 0            ; 0       ; 0         ; 0         ; 0    ; 0            ; 18 (7)       ; 0 (0)             ; 12 (0)           ; 10 (0)          ; 0 (0)      ; |elevator|doormotor:inst1                                                   ; work         ;
;       |74161:inst5|        ; 9 (0)       ; 4            ; 0           ; 0            ; 0       ; 0         ; 0         ; 0    ; 0            ; 5 (0)        ; 0 (0)             ; 4 (0)            ; 2 (0)           ; 0 (0)      ; |elevator|doormotor:inst1|74161:inst5                                       ; work         ;
;          |f74161:sub|      ; 9 (9)       ; 4            ; 0           ; 0            ; 0       ; 0         ; 0         ; 0    ; 0            ; 5 (5)        ; 0 (0)             ; 4 (4)            ; 2 (2)           ; 0 (0)      ; |elevator|doormotor:inst1|74161:inst5|f74161:sub                            ; work         ;
;       |74161:inst6|        ; 4 (0)       ; 2            ; 0           ; 0            ; 0       ; 0         ; 0         ; 0    ; 0            ; 2 (0)        ; 0 (0)             ; 2 (0)            ; 4 (0)           ; 0 (0)      ; |elevator|doormotor:inst1|74161:inst6                                       ; work         ;
;          |f74161:sub|      ; 4 (4)       ; 2            ; 0           ; 0            ; 0       ; 0         ; 0         ; 0    ; 0            ; 2 (2)        ; 0 (0)             ; 2 (2)            ; 4 (4)           ; 0 (0)      ; |elevator|doormotor:inst1|74161:inst6|f74161:sub                            ; work         ;
;       |74161:inst|         ; 4 (0)       ; 4            ; 0           ; 0            ; 0       ; 0         ; 0         ; 0    ; 0            ; 0 (0)        ; 0 (0)             ; 4 (0)            ; 4 (0)           ; 0 (0)      ; |elevator|doormotor:inst1|74161:inst                                        ; work         ;
;          |f74161:sub|      ; 4 (4)       ; 4            ; 0           ; 0            ; 0       ; 0         ; 0         ; 0    ; 0            ; 0 (0)        ; 0 (0)             ; 4 (4)            ; 4 (4)           ; 0 (0)      ; |elevator|doormotor:inst1|74161:inst|f74161:sub                             ; work         ;
;       |7473o:inst24|       ; 4 (4)       ; 1            ; 0           ; 0            ; 0       ; 0         ; 0         ; 0    ; 0            ; 3 (3)        ; 0 (0)             ; 1 (1)            ; 0 (0)           ; 0 (0)      ; |elevator|doormotor:inst1|7473o:inst24                                      ; work         ;
;       |7473o:inst25|       ; 2 (2)       ; 1            ; 0           ; 0            ; 0       ; 0         ; 0         ; 0    ; 0            ; 1 (1)        ; 0 (0)             ; 1 (1)            ; 0 (0)           ; 0 (0)      ; |elevator|doormotor:inst1|7473o:inst25                                      ; work         ;
;    |floorchoice:inst4|     ; 10 (0)      ; 10           ; 0           ; 0            ; 0       ; 0         ; 0         ; 0    ; 0            ; 0 (0)        ; 0 (0)             ; 10 (0)           ; 0 (0)           ; 0 (0)      ; |elevator|floorchoice:inst4                                                 ; work         ;
;       |keyinput:inst1|     ; 2 (0)       ; 2            ; 0           ; 0            ; 0       ; 0         ; 0         ; 0    ; 0            ; 0 (0)        ; 0 (0)             ; 2 (0)            ; 0 (0)           ; 0 (0)      ; |elevator|floorchoice:inst4|keyinput:inst1                                  ; work         ;
;          |74113:inst|      ; 2 (2)       ; 2            ; 0           ; 0            ; 0       ; 0         ; 0         ; 0    ; 0            ; 0 (0)        ; 0 (0)             ; 2 (2)            ; 0 (0)           ; 0 (0)      ; |elevator|floorchoice:inst4|keyinput:inst1|74113:inst                       ; work         ;
;       |keyinput:inst2|     ; 2 (0)       ; 2            ; 0           ; 0            ; 0       ; 0         ; 0         ; 0    ; 0            ; 0 (0)        ; 0 (0)             ; 2 (0)            ; 0 (0)           ; 0 (0)      ; |elevator|floorchoice:inst4|keyinput:inst2                                  ; work         ;
;          |74113:inst|      ; 2 (2)       ; 2            ; 0           ; 0            ; 0       ; 0         ; 0         ; 0    ; 0            ; 0 (0)        ; 0 (0)             ; 2 (2)            ; 0 (0)           ; 0 (0)      ; |elevator|floorchoice:inst4|keyinput:inst2|74113:inst                       ; work         ;
;       |keyinput:inst3|     ; 2 (0)       ; 2            ; 0           ; 0            ; 0       ; 0         ; 0         ; 0    ; 0            ; 0 (0)        ; 0 (0)             ; 2 (0)            ; 0 (0)           ; 0 (0)      ; |elevator|floorchoice:inst4|keyinput:inst3                                  ; work         ;
;          |74113:inst|      ; 2 (2)       ; 2            ; 0           ; 0            ; 0       ; 0         ; 0         ; 0    ; 0            ; 0 (0)        ; 0 (0)             ; 2 (2)            ; 0 (0)           ; 0 (0)      ; |elevator|floorchoice:inst4|keyinput:inst3|74113:inst                       ; work         ;
;       |keyinput:inst4|     ; 2 (0)       ; 2            ; 0           ; 0            ; 0       ; 0         ; 0         ; 0    ; 0            ; 0 (0)        ; 0 (0)             ; 2 (0)            ; 0 (0)           ; 0 (0)      ; |elevator|floorchoice:inst4|keyinput:inst4                                  ; work         ;
;          |74113:inst|      ; 2 (2)       ; 2            ; 0           ; 0            ; 0       ; 0         ; 0         ; 0    ; 0            ; 0 (0)        ; 0 (0)             ; 2 (2)            ; 0 (0)           ; 0 (0)      ; |elevator|floorchoice:inst4|keyinput:inst4|74113:inst                       ; work         ;
;       |keyinput:inst|      ; 2 (0)       ; 2            ; 0           ; 0            ; 0       ; 0         ; 0         ; 0    ; 0            ; 0 (0)        ; 0 (0)             ; 2 (0)            ; 0 (0)           ; 0 (0)      ; |elevator|floorchoice:inst4|keyinput:inst                                   ; work         ;
;          |74113:inst|      ; 2 (2)       ; 2            ; 0           ; 0            ; 0       ; 0         ; 0         ; 0    ; 0            ; 0 (0)        ; 0 (0)             ; 2 (2)            ; 0 (0)           ; 0 (0)      ; |elevator|floorchoice:inst4|keyinput:inst|74113:inst                        ; work         ;
;    |floorcount:inst3|      ; 9 (0)       ; 4            ; 0           ; 0            ; 0       ; 0         ; 0         ; 0    ; 0            ; 5 (0)        ; 0 (0)             ; 4 (0)            ; 0 (0)           ; 0 (0)      ; |elevator|floorcount:inst3                                                  ; work         ;
;       |74190:inst|         ; 9 (9)       ; 4            ; 0           ; 0            ; 0       ; 0         ; 0         ; 0    ; 0            ; 5 (5)        ; 0 (0)             ; 4 (4)            ; 0 (0)           ; 0 (0)      ; |elevator|floorcount:inst3|74190:inst                                       ; work         ;
;    |floorruncount:inst17|  ; 68 (25)     ; 33           ; 0           ; 0            ; 0       ; 0         ; 0         ; 0    ; 0            ; 35 (25)      ; 1 (0)             ; 32 (0)           ; 0 (0)           ; 0 (0)      ; |elevator|floorruncount:inst17                                              ; work         ;
;       |50counter:inst10|   ; 8 (1)       ; 6            ; 0           ; 0            ; 0       ; 0         ; 0         ; 0    ; 0            ; 2 (1)        ; 0 (0)             ; 6 (0)            ; 0 (0)           ; 0 (0)      ; |elevator|floorruncount:inst17|50counter:inst10                             ; work         ;
;          |4counter:inst17| ; 2 (0)       ; 2            ; 0           ; 0            ; 0       ; 0         ; 0         ; 0    ; 0            ; 0 (0)        ; 0 (0)             ; 2 (0)            ; 0 (0)           ; 0 (0)      ; |elevator|floorruncount:inst17|50counter:inst10|4counter:inst17             ; work         ;
;             |74113:inst2|  ; 2 (2)       ; 2            ; 0           ; 0            ; 0       ; 0         ; 0         ; 0    ; 0            ; 0 (0)        ; 0 (0)             ; 2 (2)            ; 0 (0)           ; 0 (0)      ; |elevator|floorruncount:inst17|50counter:inst10|4counter:inst17|74113:inst2 ; work         ;
;          |74190:inst|      ; 5 (5)       ; 4            ; 0           ; 0            ; 0       ; 0         ; 0         ; 0    ; 0            ; 1 (1)        ; 0 (0)             ; 4 (4)            ; 0 (0)           ; 0 (0)      ; |elevator|floorruncount:inst17|50counter:inst10|74190:inst                  ; work         ;
;       |50counter:inst11|   ; 8 (1)       ; 6            ; 0           ; 0            ; 0       ; 0         ; 0         ; 0    ; 0            ; 2 (1)        ; 0 (0)             ; 6 (0)            ; 0 (0)           ; 0 (0)      ; |elevator|floorruncount:inst17|50counter:inst11                             ; work         ;
;          |4counter:inst17| ; 2 (0)       ; 2            ; 0           ; 0            ; 0       ; 0         ; 0         ; 0    ; 0            ; 0 (0)        ; 0 (0)             ; 2 (0)            ; 0 (0)           ; 0 (0)      ; |elevator|floorruncount:inst17|50counter:inst11|4counter:inst17             ; work         ;
;             |74113:inst2|  ; 2 (2)       ; 2            ; 0           ; 0            ; 0       ; 0         ; 0         ; 0    ; 0            ; 0 (0)        ; 0 (0)             ; 2 (2)            ; 0 (0)           ; 0 (0)      ; |elevator|floorruncount:inst17|50counter:inst11|4counter:inst17|74113:inst2 ; work         ;
;          |74190:inst|      ; 5 (5)       ; 4            ; 0           ; 0            ; 0       ; 0         ; 0         ; 0    ; 0            ; 1 (1)        ; 0 (0)             ; 4 (4)            ; 0 (0)           ; 0 (0)      ; |elevator|floorruncount:inst17|50counter:inst11|74190:inst                  ; work         ;
;       |50counter:inst12|   ; 8 (1)       ; 6            ; 0           ; 0            ; 0       ; 0         ; 0         ; 0    ; 0            ; 2 (1)        ; 0 (0)             ; 6 (0)            ; 0 (0)           ; 0 (0)      ; |elevator|floorruncount:inst17|50counter:inst12                             ; work         ;
;          |4counter:inst17| ; 2 (0)       ; 2            ; 0           ; 0            ; 0       ; 0         ; 0         ; 0    ; 0            ; 0 (0)        ; 0 (0)             ; 2 (0)            ; 0 (0)           ; 0 (0)      ; |elevator|floorruncount:inst17|50counter:inst12|4counter:inst17             ; work         ;
;             |74113:inst2|  ; 2 (2)       ; 2            ; 0           ; 0            ; 0       ; 0         ; 0         ; 0    ; 0            ; 0 (0)        ; 0 (0)             ; 2 (2)            ; 0 (0)           ; 0 (0)      ; |elevator|floorruncount:inst17|50counter:inst12|4counter:inst17|74113:inst2 ; work         ;
;          |74190:inst|      ; 5 (5)       ; 4            ; 0           ; 0            ; 0       ; 0         ; 0         ; 0    ; 0            ; 1 (1)        ; 0 (0)             ; 4 (4)            ; 0 (0)           ; 0 (0)      ; |elevator|floorruncount:inst17|50counter:inst12|74190:inst                  ; work         ;
;       |50counter:inst8|    ; 8 (1)       ; 6            ; 0           ; 0            ; 0       ; 0         ; 0         ; 0    ; 0            ; 2 (1)        ; 0 (0)             ; 6 (0)            ; 0 (0)           ; 0 (0)      ; |elevator|floorruncount:inst17|50counter:inst8                              ; work         ;
;          |4counter:inst17| ; 2 (0)       ; 2            ; 0           ; 0            ; 0       ; 0         ; 0         ; 0    ; 0            ; 0 (0)        ; 0 (0)             ; 2 (0)            ; 0 (0)           ; 0 (0)      ; |elevator|floorruncount:inst17|50counter:inst8|4counter:inst17              ; work         ;
;             |74113:inst2|  ; 2 (2)       ; 2            ; 0           ; 0            ; 0       ; 0         ; 0         ; 0    ; 0            ; 0 (0)        ; 0 (0)             ; 2 (2)            ; 0 (0)           ; 0 (0)      ; |elevator|floorruncount:inst17|50counter:inst8|4counter:inst17|74113:inst2  ; work         ;
;          |74190:inst|      ; 5 (5)       ; 4            ; 0           ; 0            ; 0       ; 0         ; 0         ; 0    ; 0            ; 1 (1)        ; 0 (0)             ; 4 (4)            ; 0 (0)           ; 0 (0)      ; |elevator|floorruncount:inst17|50counter:inst8|74190:inst                   ; work         ;
;       |50counter:inst9|    ; 8 (1)       ; 6            ; 0           ; 0            ; 0       ; 0         ; 0         ; 0    ; 0            ; 2 (1)        ; 0 (0)             ; 6 (0)            ; 0 (0)           ; 0 (0)      ; |elevator|floorruncount:inst17|50counter:inst9                              ; work         ;
;          |4counter:inst17| ; 2 (0)       ; 2            ; 0           ; 0            ; 0       ; 0         ; 0         ; 0    ; 0            ; 0 (0)        ; 0 (0)             ; 2 (0)            ; 0 (0)           ; 0 (0)      ; |elevator|floorruncount:inst17|50counter:inst9|4counter:inst17              ; work         ;
;             |74113:inst2|  ; 2 (2)       ; 2            ; 0           ; 0            ; 0       ; 0         ; 0         ; 0    ; 0            ; 0 (0)        ; 0 (0)             ; 2 (2)            ; 0 (0)           ; 0 (0)      ; |elevator|floorruncount:inst17|50counter:inst9|4counter:inst17|74113:inst2  ; work         ;
;          |74190:inst|      ; 5 (5)       ; 4            ; 0           ; 0            ; 0       ; 0         ; 0         ; 0    ; 0            ; 1 (1)        ; 0 (0)             ; 4 (4)            ; 0 (0)           ; 0 (0)      ; |elevator|floorruncount:inst17|50counter:inst9|74190:inst                   ; work         ;
;       |5counter:inst|      ; 3 (0)       ; 3            ; 0           ; 0            ; 0       ; 0         ; 0         ; 0    ; 0            ; 0 (0)        ; 1 (0)             ; 2 (0)            ; 0 (0)           ; 0 (0)      ; |elevator|floorruncount:inst17|5counter:inst                                ; work         ;
;          |74113o:inst27|   ; 1 (1)       ; 1            ; 0           ; 0            ; 0       ; 0         ; 0         ; 0    ; 0            ; 0 (0)        ; 0 (0)             ; 1 (1)            ; 0 (0)           ; 0 (0)      ; |elevator|floorruncount:inst17|5counter:inst|74113o:inst27                  ; work         ;
;          |74113o:inst28|   ; 1 (1)       ; 1            ; 0           ; 0            ; 0       ; 0         ; 0         ; 0    ; 0            ; 0 (0)        ; 1 (1)             ; 0 (0)            ; 0 (0)           ; 0 (0)      ; |elevator|floorruncount:inst17|5counter:inst|74113o:inst28                  ; work         ;
;          |74113o:inst29|   ; 1 (1)       ; 1            ; 0           ; 0            ; 0       ; 0         ; 0         ; 0    ; 0            ; 0 (0)        ; 0 (0)             ; 1 (1)            ; 0 (0)           ; 0 (0)      ; |elevator|floorruncount:inst17|5counter:inst|74113o:inst29                  ; work         ;
;    |motion:inst49|         ; 16 (5)      ; 9            ; 0           ; 0            ; 0       ; 0         ; 0         ; 0    ; 0            ; 7 (5)        ; 0 (0)             ; 9 (0)            ; 3 (0)           ; 0 (0)      ; |elevator|motion:inst49                                                     ; work         ;
;       |74113:inst|         ; 2 (2)       ; 2            ; 0           ; 0            ; 0       ; 0         ; 0         ; 0    ; 0            ; 0 (0)        ; 0 (0)             ; 2 (2)            ; 0 (0)           ; 0 (0)      ; |elevator|motion:inst49|74113:inst                                          ; work         ;
;       |74113o:inst27|      ; 1 (1)       ; 1            ; 0           ; 0            ; 0       ; 0         ; 0         ; 0    ; 0            ; 0 (0)        ; 0 (0)             ; 1 (1)            ; 0 (0)           ; 0 (0)      ; |elevator|motion:inst49|74113o:inst27                                       ; work         ;
;       |74161:inst21|       ; 3 (0)       ; 2            ; 0           ; 0            ; 0       ; 0         ; 0         ; 0    ; 0            ; 1 (0)        ; 0 (0)             ; 2 (0)            ; 3 (0)           ; 0 (0)      ; |elevator|motion:inst49|74161:inst21                                        ; work         ;
;          |f74161:sub|      ; 3 (3)       ; 2            ; 0           ; 0            ; 0       ; 0         ; 0         ; 0    ; 0            ; 1 (1)        ; 0 (0)             ; 2 (2)            ; 3 (3)           ; 0 (0)      ; |elevator|motion:inst49|74161:inst21|f74161:sub                             ; work         ;
;       |74190:inst2|        ; 5 (5)       ; 4            ; 0           ; 0            ; 0       ; 0         ; 0         ; 0    ; 0            ; 1 (1)        ; 0 (0)             ; 4 (4)            ; 0 (0)           ; 0 (0)      ; |elevator|motion:inst49|74190:inst2                                         ; work         ;
;    |nextfloor:inst21|      ; 37 (3)      ; 1            ; 0           ; 0            ; 0       ; 0         ; 0         ; 0    ; 0            ; 36 (3)       ; 0 (0)             ; 1 (0)            ; 0 (0)           ; 0 (0)      ; |elevator|nextfloor:inst21                                                  ; work         ;
;       |74113o:inst55|      ; 7 (7)       ; 1            ; 0           ; 0            ; 0       ; 0         ; 0         ; 0    ; 0            ; 6 (6)        ; 0 (0)             ; 1 (1)            ; 0 (0)           ; 0 (0)      ; |elevator|nextfloor:inst21|74113o:inst55                                    ; work         ;
;       |7485:inst18|        ; 3 (0)       ; 0            ; 0           ; 0            ; 0       ; 0         ; 0         ; 0    ; 0            ; 3 (0)        ; 0 (0)             ; 0 (0)            ; 0 (0)           ; 0 (0)      ; |elevator|nextfloor:inst21|7485:inst18                                      ; work         ;
;          |f7485:sub|       ; 3 (3)       ; 0            ; 0           ; 0            ; 0       ; 0         ; 0         ; 0    ; 0            ; 3 (3)        ; 0 (0)             ; 0 (0)            ; 0 (0)           ; 0 (0)      ; |elevator|nextfloor:inst21|7485:inst18|f7485:sub                            ; work         ;
;       |7485:inst23|        ; 3 (0)       ; 0            ; 0           ; 0            ; 0       ; 0         ; 0         ; 0    ; 0            ; 3 (0)        ; 0 (0)             ; 0 (0)            ; 0 (0)           ; 0 (0)      ; |elevator|nextfloor:inst21|7485:inst23                                      ; work         ;
;          |f7485:sub|       ; 3 (3)       ; 0            ; 0           ; 0            ; 0       ; 0         ; 0         ; 0    ; 0            ; 3 (3)        ; 0 (0)             ; 0 (0)            ; 0 (0)           ; 0 (0)      ; |elevator|nextfloor:inst21|7485:inst23|f7485:sub                            ; work         ;
;       |7485:inst24|        ; 3 (0)       ; 0            ; 0           ; 0            ; 0       ; 0         ; 0         ; 0    ; 0            ; 3 (0)        ; 0 (0)             ; 0 (0)            ; 0 (0)           ; 0 (0)      ; |elevator|nextfloor:inst21|7485:inst24                                      ; work         ;
;          |f7485:sub|       ; 3 (3)       ; 0            ; 0           ; 0            ; 0       ; 0         ; 0         ; 0    ; 0            ; 3 (3)        ; 0 (0)             ; 0 (0)            ; 0 (0)           ; 0 (0)      ; |elevator|nextfloor:inst21|7485:inst24|f7485:sub                            ; work         ;
;       |7485:inst28|        ; 3 (0)       ; 0            ; 0           ; 0            ; 0       ; 0         ; 0         ; 0    ; 0            ; 3 (0)        ; 0 (0)             ; 0 (0)            ; 0 (0)           ; 0 (0)      ; |elevator|nextfloor:inst21|7485:inst28                                      ; work         ;
;          |f7485:sub|       ; 3 (3)       ; 0            ; 0           ; 0            ; 0       ; 0         ; 0         ; 0    ; 0            ; 3 (3)        ; 0 (0)             ; 0 (0)            ; 0 (0)           ; 0 (0)      ; |elevator|nextfloor:inst21|7485:inst28|f7485:sub                            ; work         ;
;       |7485:inst41|        ; 4 (0)       ; 0            ; 0           ; 0            ; 0       ; 0         ; 0         ; 0    ; 0            ; 4 (0)        ; 0 (0)             ; 0 (0)            ; 0 (0)           ; 0 (0)      ; |elevator|nextfloor:inst21|7485:inst41                                      ; work         ;
;          |f7485:sub|       ; 4 (4)       ; 0            ; 0           ; 0            ; 0       ; 0         ; 0         ; 0    ; 0            ; 4 (4)        ; 0 (0)             ; 0 (0)            ; 0 (0)           ; 0 (0)      ; |elevator|nextfloor:inst21|7485:inst41|f7485:sub                            ; work         ;
;       |7485:inst46|        ; 3 (0)       ; 0            ; 0           ; 0            ; 0       ; 0         ; 0         ; 0    ; 0            ; 3 (0)        ; 0 (0)             ; 0 (0)            ; 0 (0)           ; 0 (0)      ; |elevator|nextfloor:inst21|7485:inst46                                      ; work         ;
;          |f7485:sub|       ; 3 (3)       ; 0            ; 0           ; 0            ; 0       ; 0         ; 0         ; 0    ; 0            ; 3 (3)        ; 0 (0)             ; 0 (0)            ; 0 (0)           ; 0 (0)      ; |elevator|nextfloor:inst21|7485:inst46|f7485:sub                            ; work         ;
;       |ENCODE_LF:inst22|   ; 2 (2)       ; 0            ; 0           ; 0            ; 0       ; 0         ; 0         ; 0    ; 0            ; 2 (2)        ; 0 (0)             ; 0 (0)            ; 0 (0)           ; 0 (0)      ; |elevator|nextfloor:inst21|ENCODE_LF:inst22                                 ; work         ;
;       |ENCODE_LF:inst27|   ; 3 (3)       ; 0            ; 0           ; 0            ; 0       ; 0         ; 0         ; 0    ; 0            ; 3 (3)        ; 0 (0)             ; 0 (0)            ; 0 (0)           ; 0 (0)      ; |elevator|nextfloor:inst21|ENCODE_LF:inst27                                 ; work         ;
;       |ENCODE_LF:inst34|   ; 3 (3)       ; 0            ; 0           ; 0            ; 0       ; 0         ; 0         ; 0    ; 0            ; 3 (3)        ; 0 (0)             ; 0 (0)            ; 0 (0)           ; 0 (0)      ; |elevator|nextfloor:inst21|ENCODE_LF:inst34                                 ; work         ;
;    |otherdevice:inst2|     ; 3 (0)       ; 3            ; 0           ; 0            ; 0       ; 0         ; 0         ; 0    ; 0            ; 0 (0)        ; 0 (0)             ; 3 (0)            ; 0 (0)           ; 0 (0)      ; |elevator|otherdevice:inst2                                                 ; work         ;
;       |74113o:inst5|       ; 1 (1)       ; 1            ; 0           ; 0            ; 0       ; 0         ; 0         ; 0    ; 0            ; 0 (0)        ; 0 (0)             ; 1 (1)            ; 0 (0)           ; 0 (0)      ; |elevator|otherdevice:inst2|74113o:inst5                                    ; work         ;
;       |74113o:inst6|       ; 1 (1)       ; 1            ; 0           ; 0            ; 0       ; 0         ; 0         ; 0    ; 0            ; 0 (0)        ; 0 (0)             ; 1 (1)            ; 0 (0)           ; 0 (0)      ; |elevator|otherdevice:inst2|74113o:inst6                                    ; work         ;
;       |74113o:inst7|       ; 1 (1)       ; 1            ; 0           ; 0            ; 0       ; 0         ; 0         ; 0    ; 0            ; 0 (0)        ; 0 (0)             ; 1 (1)            ; 0 (0)           ; 0 (0)      ; |elevator|otherdevice:inst2|74113o:inst7                                    ; work         ;
;    |timescale:inst27|      ; 15 (0)      ; 12           ; 0           ; 0            ; 0       ; 0         ; 0         ; 0    ; 0            ; 3 (0)        ; 0 (0)             ; 12 (0)           ; 0 (0)           ; 0 (0)      ; |elevator|timescale:inst27                                                  ; work         ;
;       |10fenpin:inst1|     ; 5 (1)       ; 4            ; 0           ; 0            ; 0       ; 0         ; 0         ; 0    ; 0            ; 1 (1)        ; 0 (0)             ; 4 (0)            ; 0 (0)           ; 0 (0)      ; |elevator|timescale:inst27|10fenpin:inst1                                   ; work         ;
;          |74190:inst|      ; 4 (4)       ; 4            ; 0           ; 0            ; 0       ; 0         ; 0         ; 0    ; 0            ; 0 (0)        ; 0 (0)             ; 4 (4)            ; 0 (0)           ; 0 (0)      ; |elevator|timescale:inst27|10fenpin:inst1|74190:inst                        ; work         ;
;       |10fenpin:inst2|     ; 5 (1)       ; 4            ; 0           ; 0            ; 0       ; 0         ; 0         ; 0    ; 0            ; 1 (1)        ; 0 (0)             ; 4 (0)            ; 0 (0)           ; 0 (0)      ; |elevator|timescale:inst27|10fenpin:inst2                                   ; work         ;
;          |74190:inst|      ; 4 (4)       ; 4            ; 0           ; 0            ; 0       ; 0         ; 0         ; 0    ; 0            ; 0 (0)        ; 0 (0)             ; 4 (4)            ; 0 (0)           ; 0 (0)      ; |elevator|timescale:inst27|10fenpin:inst2|74190:inst                        ; work         ;
;       |10fenpin:inst3|     ; 5 (1)       ; 4            ; 0           ; 0            ; 0       ; 0         ; 0         ; 0    ; 0            ; 1 (1)        ; 0 (0)             ; 4 (0)            ; 0 (0)           ; 0 (0)      ; |elevator|timescale:inst27|10fenpin:inst3                                   ; work         ;
;          |74190:inst|      ; 4 (4)       ; 4            ; 0           ; 0            ; 0       ; 0         ; 0         ; 0    ; 0            ; 0 (0)        ; 0 (0)             ; 4 (4)            ; 0 (0)           ; 0 (0)      ; |elevator|timescale:inst27|10fenpin:inst3|74190:inst                        ; work         ;
;    |updownkey:inst|        ; 27 (5)      ; 16           ; 0           ; 0            ; 0       ; 0         ; 0         ; 0    ; 0            ; 11 (5)       ; 0 (0)             ; 16 (0)           ; 0 (0)           ; 0 (0)      ; |elevator|updownkey:inst                                                    ; work         ;
;       |keyinput:inst2|     ; 3 (0)       ; 2            ; 0           ; 0            ; 0       ; 0         ; 0         ; 0    ; 0            ; 1 (0)        ; 0 (0)             ; 2 (0)            ; 0 (0)           ; 0 (0)      ; |elevator|updownkey:inst|keyinput:inst2                                     ; work         ;
;          |74113:inst|      ; 3 (3)       ; 2            ; 0           ; 0            ; 0       ; 0         ; 0         ; 0    ; 0            ; 1 (1)        ; 0 (0)             ; 2 (2)            ; 0 (0)           ; 0 (0)      ; |elevator|updownkey:inst|keyinput:inst2|74113:inst                          ; work         ;
;       |keyinput:inst3|     ; 3 (0)       ; 2            ; 0           ; 0            ; 0       ; 0         ; 0         ; 0    ; 0            ; 1 (0)        ; 0 (0)             ; 2 (0)            ; 0 (0)           ; 0 (0)      ; |elevator|updownkey:inst|keyinput:inst3                                     ; work         ;
;          |74113:inst|      ; 3 (3)       ; 2            ; 0           ; 0            ; 0       ; 0         ; 0         ; 0    ; 0            ; 1 (1)        ; 0 (0)             ; 2 (2)            ; 0 (0)           ; 0 (0)      ; |elevator|updownkey:inst|keyinput:inst3|74113:inst                          ; work         ;
;       |keyinput:inst4|     ; 3 (0)       ; 2            ; 0           ; 0            ; 0       ; 0         ; 0         ; 0    ; 0            ; 1 (0)        ; 0 (0)             ; 2 (0)            ; 0 (0)           ; 0 (0)      ; |elevator|updownkey:inst|keyinput:inst4                                     ; work         ;
;          |74113:inst|      ; 3 (3)       ; 2            ; 0           ; 0            ; 0       ; 0         ; 0         ; 0    ; 0            ; 1 (1)        ; 0 (0)             ; 2 (2)            ; 0 (0)           ; 0 (0)      ; |elevator|updownkey:inst|keyinput:inst4|74113:inst                          ; work         ;
;       |keyinput:inst5|     ; 3 (0)       ; 2            ; 0           ; 0            ; 0       ; 0         ; 0         ; 0    ; 0            ; 1 (0)        ; 0 (0)             ; 2 (0)            ; 0 (0)           ; 0 (0)      ; |elevator|updownkey:inst|keyinput:inst5                                     ; work         ;
;          |74113:inst|      ; 3 (3)       ; 2            ; 0           ; 0            ; 0       ; 0         ; 0         ; 0    ; 0            ; 1 (1)        ; 0 (0)             ; 2 (2)            ; 0 (0)           ; 0 (0)      ; |elevator|updownkey:inst|keyinput:inst5|74113:inst                          ; work         ;
;       |keyinput:inst6|     ; 3 (0)       ; 2            ; 0           ; 0            ; 0       ; 0         ; 0         ; 0    ; 0            ; 1 (0)        ; 0 (0)             ; 2 (0)            ; 0 (0)           ; 0 (0)      ; |elevator|updownkey:inst|keyinput:inst6                                     ; work         ;
;          |74113:inst|      ; 3 (3)       ; 2            ; 0           ; 0            ; 0       ; 0         ; 0         ; 0    ; 0            ; 1 (1)        ; 0 (0)             ; 2 (2)            ; 0 (0)           ; 0 (0)      ; |elevator|updownkey:inst|keyinput:inst6|74113:inst                          ; work         ;
;       |keyinput:inst7|     ; 3 (0)       ; 2            ; 0           ; 0            ; 0       ; 0         ; 0         ; 0    ; 0            ; 1 (0)        ; 0 (0)             ; 2 (0)            ; 0 (0)           ; 0 (0)      ; |elevator|updownkey:inst|keyinput:inst7                                     ; work         ;
;          |74113:inst|      ; 3 (3)       ; 2            ; 0           ; 0            ; 0       ; 0         ; 0         ; 0    ; 0            ; 1 (1)        ; 0 (0)             ; 2 (2)            ; 0 (0)           ; 0 (0)      ; |elevator|updownkey:inst|keyinput:inst7|74113:inst                          ; work         ;
;       |keyinput:inst8|     ; 2 (0)       ; 2            ; 0           ; 0            ; 0       ; 0         ; 0         ; 0    ; 0            ; 0 (0)        ; 0 (0)             ; 2 (0)            ; 0 (0)           ; 0 (0)      ; |elevator|updownkey:inst|keyinput:inst8                                     ; work         ;
;          |74113:inst|      ; 2 (2)       ; 2            ; 0           ; 0            ; 0       ; 0         ; 0         ; 0    ; 0            ; 0 (0)        ; 0 (0)             ; 2 (2)            ; 0 (0)           ; 0 (0)      ; |elevator|updownkey:inst|keyinput:inst8|74113:inst                          ; work         ;
;       |keyinput:inst|      ; 2 (0)       ; 2            ; 0           ; 0            ; 0       ; 0         ; 0         ; 0    ; 0            ; 0 (0)        ; 0 (0)             ; 2 (0)            ; 0 (0)           ; 0 (0)      ; |elevator|updownkey:inst|keyinput:inst                                      ; work         ;
;          |74113:inst|      ; 2 (2)       ; 2            ; 0           ; 0            ; 0       ; 0         ; 0         ; 0    ; 0            ; 0 (0)        ; 0 (0)             ; 2 (2)            ; 0 (0)           ; 0 (0)      ; |elevator|updownkey:inst|keyinput:inst|74113:inst                           ; work         ;
+----------------------------+-------------+--------------+-------------+--------------+---------+-----------+-----------+------+--------------+--------------+-------------------+------------------+-----------------+------------+-----------------------------------------------------------------------------+--------------+
Note: For table entries with two numbers listed, the numbers in parentheses indicate the number of resources of the given type used by the specific entity alone. The numbers listed outside of parentheses indicate the total resources of the given type used by the specific entity and all of its sub-entities in the hierarchy.


+------------------------------------------------------+
; General Register Statistics                          ;
+----------------------------------------------+-------+
; Statistic                                    ; Value ;
+----------------------------------------------+-------+
; Total registers                              ; 102   ;
; Number of registers using Synchronous Clear  ; 0     ;
; Number of registers using Synchronous Load   ; 0     ;
; Number of registers using Asynchronous Clear ; 32    ;
; Number of registers using Asynchronous Load  ; 0     ;
; Number of registers using Clock Enable       ; 0     ;
; Number of registers using Preset             ; 0     ;
+----------------------------------------------+-------+


+-------------------------------------------------------------------------+
; Parameter Settings for User Entity Instance: doormotor:inst1|74161:inst ;
+------------------------+--------+---------------------------------------+
; Parameter Name         ; Value  ; Type                                  ;
+------------------------+--------+---------------------------------------+
; DEVICE_FAMILY          ; MAX II ; Untyped                               ;
; AUTO_CARRY_CHAINS      ; ON     ; AUTO_CARRY                            ;
; IGNORE_CARRY_BUFFERS   ; OFF    ; IGNORE_CARRY                          ;
; AUTO_CASCADE_CHAINS    ; ON     ; AUTO_CASCADE                          ;
; IGNORE_CASCADE_BUFFERS ; ON     ; IGNORE_CASCADE                        ;
+------------------------+--------+---------------------------------------+
Note: In order to hide this table in the UI and the text report file, please set the "Show Parameter Settings Tables in Synthesis Report" option in "Analysis and Synthesis Settings -> More Settings" to "Off".


+--------------------------------------------------------------------------+
; Parameter Settings for User Entity Instance: doormotor:inst1|74161:inst5 ;
+------------------------+--------+----------------------------------------+
; Parameter Name         ; Value  ; Type                                   ;
+------------------------+--------+----------------------------------------+
; DEVICE_FAMILY          ; MAX II ; Untyped                                ;
; AUTO_CARRY_CHAINS      ; ON     ; AUTO_CARRY                             ;
; IGNORE_CARRY_BUFFERS   ; OFF    ; IGNORE_CARRY                           ;
; AUTO_CASCADE_CHAINS    ; ON     ; AUTO_CASCADE                           ;
; IGNORE_CASCADE_BUFFERS ; ON     ; IGNORE_CASCADE                         ;
+------------------------+--------+----------------------------------------+
Note: In order to hide this table in the UI and the text report file, please set the "Show Parameter Settings Tables in Synthesis Report" option in "Analysis and Synthesis Settings -> More Settings" to "Off".


+--------------------------------------------------------------------------+
; Parameter Settings for User Entity Instance: doormotor:inst1|74161:inst6 ;
+------------------------+--------+----------------------------------------+
; Parameter Name         ; Value  ; Type                                   ;
+------------------------+--------+----------------------------------------+
; DEVICE_FAMILY          ; MAX II ; Untyped                                ;
; AUTO_CARRY_CHAINS      ; ON     ; AUTO_CARRY                             ;
; IGNORE_CARRY_BUFFERS   ; OFF    ; IGNORE_CARRY                           ;
; AUTO_CASCADE_CHAINS    ; ON     ; AUTO_CASCADE                           ;
; IGNORE_CASCADE_BUFFERS ; ON     ; IGNORE_CASCADE                         ;
+------------------------+--------+----------------------------------------+
Note: In order to hide this table in the UI and the text report file, please set the "Show Parameter Settings Tables in Synthesis Report" option in "Analysis and Synthesis Settings -> More Settings" to "Off".


+---------------------------------------------------------------------------+
; Parameter Settings for User Entity Instance: nextfloor:inst21|7485:inst28 ;
+------------------------+--------+-----------------------------------------+
; Parameter Name         ; Value  ; Type                                    ;
+------------------------+--------+-----------------------------------------+
; DEVICE_FAMILY          ; MAX II ; Untyped                                 ;
; AUTO_CARRY_CHAINS      ; ON     ; AUTO_CARRY                              ;
; IGNORE_CARRY_BUFFERS   ; OFF    ; IGNORE_CARRY                            ;
; AUTO_CASCADE_CHAINS    ; ON     ; AUTO_CASCADE                            ;
; IGNORE_CASCADE_BUFFERS ; ON     ; IGNORE_CASCADE                          ;
+------------------------+--------+-----------------------------------------+
Note: In order to hide this table in the UI and the text report file, please set the "Show Parameter Settings Tables in Synthesis Report" option in "Analysis and Synthesis Settings -> More Settings" to "Off".


+---------------------------------------------------------------------------+
; Parameter Settings for User Entity Instance: nextfloor:inst21|7485:inst18 ;
+------------------------+--------+-----------------------------------------+
; Parameter Name         ; Value  ; Type                                    ;
+------------------------+--------+-----------------------------------------+
; DEVICE_FAMILY          ; MAX II ; Untyped                                 ;
; AUTO_CARRY_CHAINS      ; ON     ; AUTO_CARRY                              ;
; IGNORE_CARRY_BUFFERS   ; OFF    ; IGNORE_CARRY                            ;
; AUTO_CASCADE_CHAINS    ; ON     ; AUTO_CASCADE                            ;
; IGNORE_CASCADE_BUFFERS ; ON     ; IGNORE_CASCADE                          ;
+------------------------+--------+-----------------------------------------+
Note: In order to hide this table in the UI and the text report file, please set the "Show Parameter Settings Tables in Synthesis Report" option in "Analysis and Synthesis Settings -> More Settings" to "Off".


+---------------------------------------------------------------------------+
; Parameter Settings for User Entity Instance: nextfloor:inst21|7485:inst24 ;
+------------------------+--------+-----------------------------------------+
; Parameter Name         ; Value  ; Type                                    ;
+------------------------+--------+-----------------------------------------+
; DEVICE_FAMILY          ; MAX II ; Untyped                                 ;
; AUTO_CARRY_CHAINS      ; ON     ; AUTO_CARRY                              ;
; IGNORE_CARRY_BUFFERS   ; OFF    ; IGNORE_CARRY                            ;
; AUTO_CASCADE_CHAINS    ; ON     ; AUTO_CASCADE                            ;
; IGNORE_CASCADE_BUFFERS ; ON     ; IGNORE_CASCADE                          ;
+------------------------+--------+-----------------------------------------+
Note: In order to hide this table in the UI and the text report file, please set the "Show Parameter Settings Tables in Synthesis Report" option in "Analysis and Synthesis Settings -> More Settings" to "Off".


+---------------------------------------------------------------------------+
; Parameter Settings for User Entity Instance: nextfloor:inst21|7485:inst41 ;
+------------------------+--------+-----------------------------------------+
; Parameter Name         ; Value  ; Type                                    ;
+------------------------+--------+-----------------------------------------+
; DEVICE_FAMILY          ; MAX II ; Untyped                                 ;
; AUTO_CARRY_CHAINS      ; ON     ; AUTO_CARRY                              ;
; IGNORE_CARRY_BUFFERS   ; OFF    ; IGNORE_CARRY                            ;
; AUTO_CASCADE_CHAINS    ; ON     ; AUTO_CASCADE                            ;
; IGNORE_CASCADE_BUFFERS ; ON     ; IGNORE_CASCADE                          ;
+------------------------+--------+-----------------------------------------+
Note: In order to hide this table in the UI and the text report file, please set the "Show Parameter Settings Tables in Synthesis Report" option in "Analysis and Synthesis Settings -> More Settings" to "Off".


+---------------------------------------------------------------------------+
; Parameter Settings for User Entity Instance: nextfloor:inst21|7485:inst46 ;
+------------------------+--------+-----------------------------------------+
; Parameter Name         ; Value  ; Type                                    ;
+------------------------+--------+-----------------------------------------+
; DEVICE_FAMILY          ; MAX II ; Untyped                                 ;
; AUTO_CARRY_CHAINS      ; ON     ; AUTO_CARRY                              ;
; IGNORE_CARRY_BUFFERS   ; OFF    ; IGNORE_CARRY                            ;
; AUTO_CASCADE_CHAINS    ; ON     ; AUTO_CASCADE                            ;
; IGNORE_CASCADE_BUFFERS ; ON     ; IGNORE_CASCADE                          ;
+------------------------+--------+-----------------------------------------+
Note: In order to hide this table in the UI and the text report file, please set the "Show Parameter Settings Tables in Synthesis Report" option in "Analysis and Synthesis Settings -> More Settings" to "Off".


+---------------------------------------------------------------------------+
; Parameter Settings for User Entity Instance: nextfloor:inst21|7485:inst23 ;
+------------------------+--------+-----------------------------------------+
; Parameter Name         ; Value  ; Type                                    ;
+------------------------+--------+-----------------------------------------+
; DEVICE_FAMILY          ; MAX II ; Untyped                                 ;
; AUTO_CARRY_CHAINS      ; ON     ; AUTO_CARRY                              ;
; IGNORE_CARRY_BUFFERS   ; OFF    ; IGNORE_CARRY                            ;
; AUTO_CASCADE_CHAINS    ; ON     ; AUTO_CASCADE                            ;
; IGNORE_CASCADE_BUFFERS ; ON     ; IGNORE_CASCADE                          ;
+------------------------+--------+-----------------------------------------+
Note: In order to hide this table in the UI and the text report file, please set the "Show Parameter Settings Tables in Synthesis Report" option in "Analysis and Synthesis Settings -> More Settings" to "Off".


+-------------------------------------------------------------------------+
; Parameter Settings for User Entity Instance: motion:inst49|74161:inst21 ;
+------------------------+--------+---------------------------------------+
; Parameter Name         ; Value  ; Type                                  ;
+------------------------+--------+---------------------------------------+
; DEVICE_FAMILY          ; MAX II ; Untyped                               ;
; AUTO_CARRY_CHAINS      ; ON     ; AUTO_CARRY                            ;
; IGNORE_CARRY_BUFFERS   ; OFF    ; IGNORE_CARRY                          ;
; AUTO_CASCADE_CHAINS    ; ON     ; AUTO_CASCADE                          ;
; IGNORE_CASCADE_BUFFERS ; ON     ; IGNORE_CASCADE                        ;
+------------------------+--------+---------------------------------------+
Note: In order to hide this table in the UI and the text report file, please set the "Show Parameter Settings Tables in Synthesis Report" option in "Analysis and Synthesis Settings -> More Settings" to "Off".


+-------------------------------+
; Analysis & Synthesis Messages ;
+-------------------------------+
Info: *******************************************************************
Info: Running Quartus II Analysis & Synthesis
    Info: Version 7.2 Build 151 09/26/2007 SJ Full Version
    Info: Processing started: Tue Jun 17 21:21:44 2014
Info: Command: quartus_map --read_settings_files=on --write_settings_files=off elevator -c elevator
Info: Found 1 design units, including 1 entities, in source file motion.bdf
    Info: Found entity 1: motion
Info: Found 1 design units, including 1 entities, in source file keyinput.bdf
    Info: Found entity 1: keyinput
Info: Found 1 design units, including 1 entities, in source file elevator.bdf
    Info: Found entity 1: elevator
Info: Found 1 design units, including 1 entities, in source file timescale.bdf
    Info: Found entity 1: timescale
Info: Found 1 design units, including 1 entities, in source file doormotor.bdf
    Info: Found entity 1: doormotor
Info: Found 1 design units, including 1 entities, in source file updownkey.bdf
    Info: Found entity 1: updownkey
Info: Found 1 design units, including 1 entities, in source file 10fenpin.bdf
    Info: Found entity 1: 10fenpin
Info: Found 1 design units, including 1 entities, in source file floorchoice.bdf
    Info: Found entity 1: floorchoice
Info: Found 1 design units, including 1 entities, in source file floorcount.bdf
    Info: Found entity 1: floorcount
Info: Found 1 design units, including 1 entities, in source file display.bdf
    Info: Found entity 1: display
Info: Found 1 design units, including 1 entities, in source file nextfloor.bdf
    Info: Found entity 1: nextfloor
Info: Found 1 design units, including 1 entities, in source file ENCODE_LF.bdf
    Info: Found entity 1: ENCODE_LF
Info: Found 1 design units, including 1 entities, in source file otherdevice.bdf
    Info: Found entity 1: otherdevice
Info: Found 1 design units, including 1 entities, in source file floorruncount.bdf
    Info: Found entity 1: floorruncount
Info: Found 1 design units, including 1 entities, in source file 100counter.bdf
    Info: Found entity 1: 100counter
Info: Found 1 design units, including 1 entities, in source file 5counter.bdf
    Info: Found entity 1: 5counter
Info: Found 1 design units, including 1 entities, in source file DECODER.bdf
    Info: Found entity 1: DECODER
Info: Found 1 design units, including 1 entities, in source file 50counter.bdf
    Info: Found entity 1: 50counter
Info: Found 1 design units, including 1 entities, in source file 4counter.bdf
    Info: Found entity 1: 4counter
Info: Elaborating entity "elevator" for the top level hierarchy
Info: Elaborating entity "display" for hierarchy "display:inst5"
Info: Elaborating entity "floorcount" for hierarchy "floorcount:inst3"
Info: Found 1 design units, including 1 entities, in source file d:/quatersii/quartus/libraries/others/maxplus2/74190.bdf
    Info: Found entity 1: 74190
Info: Elaborating entity "74190" for hierarchy "floorcount:inst3|74190:inst"
Warning: Processing legacy GDF or BDF entity "74190" with Max+Plus II bus and instance naming rules
Warning: The design contains mutiple Block Design Files, and some design file(s) are using a naming scheme which is different from other design file(s).
Info: Elaborated megafunction instantiation "floorcount:inst3|74190:inst"
Info: Found 1 design units, including 1 entities, in source file d:/quatersii/quartus/libraries/others/maxplus2/74113o.bdf
    Info: Found entity 1: 74113o
Info: Elaborating entity "74113o" for hierarchy "74113o:inst10"
Warning: Processing legacy GDF or BDF entity "74113o" with Max+Plus II bus and instance naming rules
Warning: The design contains mutiple Block Design Files, and some design file(s) are using a naming scheme which is different from other design file(s).
Info: Elaborated megafunction instantiation "74113o:inst10"
Info: Elaborating entity "doormotor" for hierarchy "doormotor:inst1"
Info: Found 1 design units, including 1 entities, in source file d:/quatersii/quartus/libraries/others/maxplus2/7473o.bdf
    Info: Found entity 1: 7473o
Info: Elaborating entity "7473o" for hierarchy "doormotor:inst1|7473o:inst25"
Warning: Processing legacy GDF or BDF entity "7473o" with Max+Plus II bus and instance naming rules
Warning: The design contains mutiple Block Design Files, and some design file(s) are using a naming scheme which is different from other design file(s).
Info: Elaborated megafunction instantiation "doormotor:inst1|7473o:inst25"
Info: Found 1 design units, including 1 entities, in source file d:/quatersii/quartus/libraries/others/maxplus2/74161.tdf
    Info: Found entity 1: 74161
Info: Elaborating entity "74161" for hierarchy "doormotor:inst1|74161:inst"
Info: Elaborated megafunction instantiation "doormotor:inst1|74161:inst"
Info: Found 1 design units, including 1 entities, in source file d:/quatersii/quartus/libraries/others/maxplus2/f74161.bdf
    Info: Found entity 1: f74161
Info: Elaborating entity "f74161" for hierarchy "doormotor:inst1|74161:inst|f74161:sub"
Warning: Processing legacy GDF or BDF entity "f74161" with Max+Plus II bus and instance naming rules
Info: Elaborated megafunction instantiation "doormotor:inst1|74161:inst|f74161:sub", which is child of megafunction instantiation "doormotor:inst1|74161:inst"
Info: Elaborating entity "74161" for hierarchy "doormotor:inst1|74161:inst5"
Info: Elaborated megafunction instantiation "doormotor:inst1|74161:inst5"
Info: Elaborating entity "74161" for hierarchy "doormotor:inst1|74161:inst6"
Info: Elaborated megafunction instantiation "doormotor:inst1|74161:inst6"
Info: Elaborating entity "floorchoice" for hierarchy "floorchoice:inst4"
Info: Elaborating entity "keyinput" for hierarchy "floorchoice:inst4|keyinput:inst"
Info: Found 1 design units, including 1 entities, in source file d:/quatersii/quartus/libraries/others/maxplus2/74113.bdf
    Info: Found entity 1: 74113
Info: Elaborating entity "74113" for hierarchy "floorchoice:inst4|keyinput:inst|74113:inst"
Warning: Processing legacy GDF or BDF entity "74113" with Max+Plus II bus and instance naming rules
Warning: The design contains mutiple Block Design Files, and some design file(s) are using a naming scheme which is different from other design file(s).
Info: Elaborated megafunction instantiation "floorchoice:inst4|keyinput:inst|74113:inst"
Info: Found 1 design units, including 1 entities, in source file d:/quatersii/quartus/libraries/others/maxplus2/74138.bdf
    Info: Found entity 1: 74138
Info: Elaborating entity "74138" for hierarchy "floorchoice:inst4|74138:inst5"
Warning: Processing legacy GDF or BDF entity "74138" with Max+Plus II bus and instance naming rules
Warning: The design contains mutiple Block Design Files, and some design file(s) are using a naming scheme which is different from other design file(s).
Info: Elaborated megafunction instantiation "floorchoice:inst4|74138:inst5"
Info: Elaborating entity "nextfloor" for hierarchy "nextfloor:inst21"
Info: Found 1 design units, including 1 entities, in source file d:/quatersii/quartus/libraries/others/maxplus2/7485.tdf
    Info: Found entity 1: 7485
Info: Elaborating entity "7485" for hierarchy "nextfloor:inst21|7485:inst28"
Info: Elaborated megafunction instantiation "nextfloor:inst21|7485:inst28"
Info: Found 1 design units, including 1 entities, in source file d:/quatersii/quartus/libraries/others/maxplus2/f7485.bdf
    Info: Found entity 1: f7485
Info: Elaborating entity "f7485" for hierarchy "nextfloor:inst21|7485:inst28|f7485:sub"
Warning: Processing legacy GDF or BDF entity "f7485" with Max+Plus II bus and instance naming rules
Info: Elaborated megafunction instantiation "nextfloor:inst21|7485:inst28|f7485:sub", which is child of megafunction instantiation "nextfloor:inst21|7485:inst28"
Info: Elaborating entity "ENCODE_LF" for hierarchy "nextfloor:inst21|ENCODE_LF:inst27"
Info: Found 1 design units, including 1 entities, in source file d:/quatersii/quartus/libraries/others/maxplus2/74148.bdf
    Info: Found entity 1: 74148
Info: Elaborating entity "74148" for hierarchy "nextfloor:inst21|ENCODE_LF:inst27|74148:inst10"
Warning: Processing legacy GDF or BDF entity "74148" with Max+Plus II bus and instance naming rules
Info: Elaborated megafunction instantiation "nextfloor:inst21|ENCODE_LF:inst27|74148:inst10"
Info: Elaborating entity "7485" for hierarchy "nextfloor:inst21|7485:inst18"
Info: Elaborated megafunction instantiation "nextfloor:inst21|7485:inst18"
Info: Elaborating entity "updownkey" for hierarchy "updownkey:inst"
Info: Elaborating entity "motion" for hierarchy "motion:inst49"
Info: Elaborating entity "74161" for hierarchy "motion:inst49|74161:inst21"
Info: Elaborated megafunction instantiation "motion:inst49|74161:inst21"
Info: Elaborating entity "timescale" for hierarchy "timescale:inst27"
Info: Elaborating entity "10fenpin" for hierarchy "timescale:inst27|10fenpin:inst1"
Info: Elaborating entity "otherdevice" for hierarchy "otherdevice:inst2"
Info: Elaborating entity "DECODER" for hierarchy "otherdevice:inst2|DECODER:inst3"
Info: Elaborating entity "floorruncount" for hierarchy "floorruncount:inst17"
Info: Elaborating entity "50counter" for hierarchy "floorruncount:inst17|50counter:inst12"
Info: Elaborating entity "4counter" for hierarchy "floorruncount:inst17|50counter:inst12|4counter:inst17"
Info: Elaborating entity "5counter" for hierarchy "floorruncount:inst17|5counter:inst"
Info: Ignored 12 buffer(s)
    Info: Ignored 6 CASCADE buffer(s)
    Info: Ignored 6 LCELL buffer(s)
Info: Resynthesizing 0 WYSIWYG logic cells and I/Os using "area" technology mapper which leaves 0 WYSIWYG logic cells and I/Os untouched
Warning: Output pins are stuck at VCC or GND
    Warning (13410): Pin "FHLED3" stuck at GND
    Warning (13410): Pin "FHLED4" stuck at GND
Info: Converted 2 single input CARRY primitives to CARRY_SUM primitives
Warning: Ignored 6 CARRY_SUM primitives
    Warning: Ignored 1 CARRY_SUM primitives -- cannot place fan-in logic in single logic cell
        Warning: Can't place logic feeding CARRY_SUM primitive "doormotor:inst1|74161:inst6|f74161:sub|82~0" in single logic cell
            Warning: Node "doormotor:inst1|74161:inst5|f74161:sub|105~0" of type CARRY_SUM
            Warning: Node "doormotor:inst1|74161:inst6|f74161:sub|81~0" of type CARRY_SUM
    Warning: Ignored 5 CARRY_SUM primitive(s) -- cannot place fan-out logic in single logic cell
        Warning: Can't place logic fed by CARRY_SUM primitive "doormotor:inst1|74161:inst5|f74161:sub|95~0" into a single logic cell
            Warning: Node "doormotor:inst1|74161:inst5|f74161:sub|105~0" of type CARRY_SUM
            Warning: Node "doormotor:inst1|74161:inst5|f74161:sub|82~0" of type CARRY_SUM
        Warning: Can't place logic fed by CARRY_SUM primitive "doormotor:inst1|74161:inst5|f74161:sub|85~0" into a single logic cell
            Warning: Node "doormotor:inst1|74161:inst5|f74161:sub|94" of type LUT
            Warning: Node "doormotor:inst1|74161:inst5|f74161:sub|99" of type DFFE
        Warning: Can't place logic fed by CARRY_SUM primitive "doormotor:inst1|74161:inst5|f74161:sub|81~0" into a single logic cell
            Warning: Node "doormotor:inst1|74161:inst5|f74161:sub|84" of type LUT
            Warning: Node "doormotor:inst1|74161:inst5|f74161:sub|87" of type DFFE
        Warning: Can't place logic fed by CARRY_SUM primitive "doormotor:inst1|74161:inst5|f74161:sub|82~3" into a single logic cell
            Warning: Node "doormotor:inst1|74161:inst5|f74161:sub|80" of type LUT
            Warning: Node "doormotor:inst1|74161:inst5|f74161:sub|9" of type DFFE
        Warning: Can't place logic fed by CARRY_SUM primitive "doormotor:inst1|74161:inst5|f74161:sub|82~0" into a single logic cell
            Warning: Node "doormotor:inst1|74161:inst5|f74161:sub|82~4" of type LUT
            Warning: Node "doormotor:inst1|74161:inst5|f74161:sub|82~5" of type LUT
Info: Implemented 297 device resources after synthesis - the final resource count might be different
    Info: Implemented 16 input pins
    Info: Implemented 43 output pins
    Info: Implemented 238 logic cells
Info: Quartus II Analysis & Synthesis was successful. 0 errors, 37 warnings
    Info: Allocated 190 megabytes of memory during processing
    Info: Processing ended: Tue Jun 17 21:21:49 2014
    Info: Elapsed time: 00:00:05


