Added Component: Designator=S1(SW2)
Added Component: Designator=SW1(SW_LED)
Added Component: Designator=SW2(SW_LED)
Added Component: Designator=SW3(SW_LED)
Added Component: Designator=SW4(SW_LED)
Added Component: Designator=SW5(SW_LED)
Added Component: Designator=SW6(SW_LED)
Added Component: Designator=SW7(SW_LED)
Added Component: Designator=SW8(SW_LED)
Added Component: Designator=SW9(SW_LED)
Added Component: Designator=SW10(SW_LED)
Added Component: Designator=SW11(SW_LED)
Added Component: Designator=SW12(SW_LED)
Added Component: Designator=SW13(SW_LED)
Added Pin To Net: NetName=CHOICE Pin=S1-1
Added Pin To Net: NetName=GND Pin=S1-2
Added Pin To Net: NetName=UP1 Pin=SW1-1
Added Pin To Net: NetName=UP1 Pin=SW1-1
Added Pin To Net: NetName=GND Pin=SW1-2
Added Pin To Net: NetName=GND Pin=SW1-2
Added Pin To Net: NetName=UPLED1 Pin=SW1-3
Added Pin To Net: NetName=GND Pin=SW1-4
Added Pin To Net: NetName=DOWN2 Pin=SW2-1
Added Pin To Net: NetName=DOWN2 Pin=SW2-1
Added Pin To Net: NetName=GND Pin=SW2-2
Added Pin To Net: NetName=GND Pin=SW2-2
Added Pin To Net: NetName=DOWNLED2 Pin=SW2-3
Added Pin To Net: NetName=GND Pin=SW2-4
Added Pin To Net: NetName=UP2 Pin=SW3-1
Added Pin To Net: NetName=UP2 Pin=SW3-1
Added Pin To Net: NetName=GND Pin=SW3-2
Added Pin To Net: NetName=GND Pin=SW3-2
Added Pin To Net: NetName=UPLED2 Pin=SW3-3
Added Pin To Net: NetName=GND Pin=SW3-4
Added Pin To Net: NetName=DOWN3 Pin=SW4-1
Added Pin To Net: NetName=DOWN3 Pin=SW4-1
Added Pin To Net: NetName=GND Pin=SW4-2
Added Pin To Net: NetName=GND Pin=SW4-2
Added Pin To Net: NetName=DOWNLED3 Pin=SW4-3
Added Pin To Net: NetName=GND Pin=SW4-4
Added Pin To Net: NetName=UP3 Pin=SW5-1
Added Pin To Net: NetName=UP3 Pin=SW5-1
Added Pin To Net: NetName=GND Pin=SW5-2
Added Pin To Net: NetName=GND Pin=SW5-2
Added Pin To Net: NetName=UPLED3 Pin=SW5-3
Added Pin To Net: NetName=GND Pin=SW5-4
Added Pin To Net: NetName=DOWN4 Pin=SW6-1
Added Pin To Net: NetName=DOWN4 Pin=SW6-1
Added Pin To Net: NetName=GND Pin=SW6-2
Added Pin To Net: NetName=GND Pin=SW6-2
Added Pin To Net: NetName=DOWNLED4 Pin=SW6-3
Added Pin To Net: NetName=GND Pin=SW6-4
Added Pin To Net: NetName=UP4 Pin=SW7-1
Added Pin To Net: NetName=UP4 Pin=SW7-1
Added Pin To Net: NetName=GND Pin=SW7-2
Added Pin To Net: NetName=GND Pin=SW7-2
Added Pin To Net: NetName=UPLED4 Pin=SW7-3
Added Pin To Net: NetName=GND Pin=SW7-4
Added Pin To Net: NetName=DOWN5 Pin=SW8-1
Added Pin To Net: NetName=DOWN5 Pin=SW8-1
Added Pin To Net: NetName=GND Pin=SW8-2
Added Pin To Net: NetName=GND Pin=SW8-2
Added Pin To Net: NetName=DOWNLED5 Pin=SW8-3
Added Pin To Net: NetName=GND Pin=SW8-4
Added Pin To Net: NetName=KEY1 Pin=SW9-1
Added Pin To Net: NetName=KEY1 Pin=SW9-1
Added Pin To Net: NetName=GND Pin=SW9-2
Added Pin To Net: NetName=GND Pin=SW9-2
Added Pin To Net: NetName=KEYLED1 Pin=SW9-3
Added Pin To Net: NetName=GND Pin=SW9-4
Added Pin To Net: NetName=KEY2 Pin=SW10-1
Added Pin To Net: NetName=KEY2 Pin=SW10-1
Added Pin To Net: NetName=GND Pin=SW10-2
Added Pin To Net: NetName=GND Pin=SW10-2
Added Pin To Net: NetName=KEYLED2 Pin=SW10-3
Added Pin To Net: NetName=GND Pin=SW10-4
Added Pin To Net: NetName=KEY3 Pin=SW11-1
Added Pin To Net: NetName=KEY3 Pin=SW11-1
Added Pin To Net: NetName=GND Pin=SW11-2
Added Pin To Net: NetName=GND Pin=SW11-2
Added Pin To Net: NetName=KEYLED3 Pin=SW11-3
Added Pin To Net: NetName=GND Pin=SW11-4
Added Pin To Net: NetName=KEY4 Pin=SW12-1
Added Pin To Net: NetName=KEY4 Pin=SW12-1
Added Pin To Net: NetName=GND Pin=SW12-2
Added Pin To Net: NetName=GND Pin=SW12-2
Added Pin To Net: NetName=KEYLED4 Pin=SW12-3
Added Pin To Net: NetName=GND Pin=SW12-4
Added Pin To Net: NetName=KEY5 Pin=SW13-1
Added Pin To Net: NetName=KEY5 Pin=SW13-1
Added Pin To Net: NetName=GND Pin=SW13-2
Added Pin To Net: NetName=GND Pin=SW13-2
Added Pin To Net: NetName=KEYLED5 Pin=SW13-3
Added Pin To Net: NetName=GND Pin=SW13-4
Added Class: Name=U_switch_input
