Added Pin To Net: NetName=GND Pin=C1-1
Added Pin To Net: NetName=GND Pin=C2-1
Added Pin To Net: NetName=DOOR1 Pin=D1-1
Added Pin To Net: NetName=GND Pin=D1-2
Added Pin To Net: NetName=DOOR4 Pin=D2-1
Added Pin To Net: NetName=GND Pin=D2-2
Added Pin To Net: NetName=DOOR2 Pin=D3-1
Added Pin To Net: NetName=GND Pin=D3-2
Added Pin To Net: NetName=DOOR5 Pin=D4-1
Added Pin To Net: NetName=GND Pin=D4-2
Added Pin To Net: NetName=DOOR3 Pin=D5-1
Added Pin To Net: NetName=GND Pin=D5-2
Added Pin To Net: NetName=DOOR6 Pin=D6-1
Added Pin To Net: NetName=GND Pin=D6-2
Added Pin To Net: NetName=FAN Pin=D7-1
Added Pin To Net: NetName=GND Pin=D7-2
Added Pin To Net: NetName=GND Pin=DS1-1
Added Pin To Net: NetName=GND Pin=DS1-6
Added Pin To Net: NetName=GND Pin=DS2-6
Added Pin To Net: NetName=GND Pin=DS3-1
Added Pin To Net: NetName=GND Pin=DS3-6
Added Pin To Net: NetName=BELL Pin=LS1-1
Added Pin To Net: NetName=GND Pin=LS1-2
Added Pin To Net: NetName=CHOICE Pin=S1-1
Added Pin To Net: NetName=GND Pin=S1-2
Added Pin To Net: NetName=UP1 Pin=SW1-1
Added Pin To Net: NetName=UP1 Pin=SW1-1
Added Pin To Net: NetName=GND Pin=SW1-2
Added Pin To Net: NetName=GND Pin=SW1-2
Added Pin To Net: NetName=UPLED1 Pin=SW1-3
Added Pin To Net: NetName=GND Pin=SW1-4
Added Pin To Net: NetName=DOWN2 Pin=SW2-1
Added Pin To Net: NetName=DOWN2 Pin=SW2-1
Added Pin To Net: NetName=GND Pin=SW2-2
Added Pin To Net: NetName=GND Pin=SW2-2
Added Pin To Net: NetName=DOWNLED2 Pin=SW2-3
Added Pin To Net: NetName=GND Pin=SW2-4
Added Pin To Net: NetName=UP2 Pin=SW3-1
Added Pin To Net: NetName=UP2 Pin=SW3-1
Added Pin To Net: NetName=GND Pin=SW3-2
Added Pin To Net: NetName=GND Pin=SW3-2
Added Pin To Net: NetName=UPLED2 Pin=SW3-3
Added Pin To Net: NetName=GND Pin=SW3-4
Added Pin To Net: NetName=DOWN3 Pin=SW4-1
Added Pin To Net: NetName=DOWN3 Pin=SW4-1
Added Pin To Net: NetName=GND Pin=SW4-2
Added Pin To Net: NetName=GND Pin=SW4-2
Added Pin To Net: NetName=DOWNLED3 Pin=SW4-3
Added Pin To Net: NetName=GND Pin=SW4-4
Added Pin To Net: NetName=UP3 Pin=SW5-1
Added Pin To Net: NetName=UP3 Pin=SW5-1
Added Pin To Net: NetName=GND Pin=SW5-2
Added Pin To Net: NetName=GND Pin=SW5-2
Added Pin To Net: NetName=UPLED3 Pin=SW5-3
Added Pin To Net: NetName=GND Pin=SW5-4
Added Pin To Net: NetName=DOWN4 Pin=SW6-1
Added Pin To Net: NetName=DOWN4 Pin=SW6-1
Added Pin To Net: NetName=GND Pin=SW6-2
Added Pin To Net: NetName=GND Pin=SW6-2
Added Pin To Net: NetName=DOWNLED4 Pin=SW6-3
Added Pin To Net: NetName=GND Pin=SW6-4
Added Pin To Net: NetName=UP4 Pin=SW7-1
Added Pin To Net: NetName=UP4 Pin=SW7-1
Added Pin To Net: NetName=GND Pin=SW7-2
Added Pin To Net: NetName=GND Pin=SW7-2
Added Pin To Net: NetName=UPLED4 Pin=SW7-3
Added Pin To Net: NetName=GND Pin=SW7-4
Added Pin To Net: NetName=DOWN5 Pin=SW8-1
Added Pin To Net: NetName=DOWN5 Pin=SW8-1
Added Pin To Net: NetName=GND Pin=SW8-2
Added Pin To Net: NetName=GND Pin=SW8-2
Added Pin To Net: NetName=DOWNLED5 Pin=SW8-3
Added Pin To Net: NetName=GND Pin=SW8-4
Added Pin To Net: NetName=KEY1 Pin=SW9-1
Added Pin To Net: NetName=KEY1 Pin=SW9-1
Added Pin To Net: NetName=GND Pin=SW9-2
Added Pin To Net: NetName=GND Pin=SW9-2
Added Pin To Net: NetName=KEYLED1 Pin=SW9-3
Added Pin To Net: NetName=GND Pin=SW9-4
Added Pin To Net: NetName=KEY2 Pin=SW10-1
Added Pin To Net: NetName=KEY2 Pin=SW10-1
Added Pin To Net: NetName=GND Pin=SW10-2
Added Pin To Net: NetName=GND Pin=SW10-2
Added Pin To Net: NetName=KEYLED2 Pin=SW10-3
Added Pin To Net: NetName=GND Pin=SW10-4
Added Pin To Net: NetName=KEY3 Pin=SW11-1
Added Pin To Net: NetName=KEY3 Pin=SW11-1
Added Pin To Net: NetName=GND Pin=SW11-2
Added Pin To Net: NetName=GND Pin=SW11-2
Added Pin To Net: NetName=KEYLED3 Pin=SW11-3
Added Pin To Net: NetName=GND Pin=SW11-4
Added Pin To Net: NetName=KEY4 Pin=SW12-1
Added Pin To Net: NetName=KEY4 Pin=SW12-1
Added Pin To Net: NetName=GND Pin=SW12-2
Added Pin To Net: NetName=GND Pin=SW12-2
Added Pin To Net: NetName=KEYLED4 Pin=SW12-3
Added Pin To Net: NetName=GND Pin=SW12-4
Added Pin To Net: NetName=GND Pin=SW13-2
Added Pin To Net: NetName=GND Pin=SW13-2
Added Pin To Net: NetName=GND Pin=SW13-4
Added Pin To Net: NetName=FLOOR2 Pin=U3-1
Added Pin To Net: NetName=FLOOR3 Pin=U3-2
Added Pin To Net: NetName=GND Pin=U3-5
Added Pin To Net: NetName=FLOOR1 Pin=U3-7
Added Pin To Net: NetName=GND Pin=U3-8
Added Pin To Net: NetName=FH2 Pin=U4-1
Added Pin To Net: NetName=FH3 Pin=U4-2
Added Pin To Net: NetName=GND Pin=U4-5
Added Pin To Net: NetName=FH4 Pin=U4-6
Added Pin To Net: NetName=FH1 Pin=U4-7
Added Pin To Net: NetName=GND Pin=U4-8
Added Pin To Net: NetName=FL2 Pin=U5-1
Added Pin To Net: NetName=FL3 Pin=U5-2
Added Pin To Net: NetName=GND Pin=U5-5
Added Pin To Net: NetName=FL4 Pin=U5-6
Added Pin To Net: NetName=FL1 Pin=U5-7
Added Pin To Net: NetName=GND Pin=U5-8
Added Pin To Net: NetName=MOTORA Pin=U6-1
Added Pin To Net: NetName=MOTORB Pin=U6-2
Added Pin To Net: NetName=MOTORC Pin=U6-3
Added Pin To Net: NetName=MOTOR1 Pin=U6-4
Added Pin To Net: NetName=MOTOR2 Pin=U6-5
Added Pin To Net: NetName=GND Pin=U6-8
Added Pin To Net: NetName=GND Pin=U7-1
Added Pin To Net: NetName=CLK Pin=U7-3
Change Net Name : Old Net Name=NetSW13_1 New Net Name=KEY5
Change Net Name : Old Net Name=NetSW13_3 New Net Name=KEYLED5
