Added Component: Designator=C12(0603)
Added Component: Designator=C13(0603)
Added Component: Designator=D1(LED-0)
Added Component: Designator=D2(LED-0)
Added Component: Designator=D3(LED-0)
Added Component: Designator=D4(LED-0)
Added Component: Designator=D5(LED-0)
Added Component: Designator=D6(LED-0)
Added Component: Designator=D7(LED-0)
Added Component: Designator=DS1(A)
Added Component: Designator=DS2(A)
Added Component: Designator=DS3(A)
Added Component: Designator=LS1(PIN2)
Added Component: Designator=P1(HDR1X3)
Added Component: Designator=P2(HDR1X2)
Added Component: Designator=S1(SPST-2)
Added Component: Designator=SW1(SW_LED)
Added Component: Designator=SW2(SW_LED)
Added Component: Designator=SW3(SW_LED)
Added Component: Designator=SW4(SW_LED)
Added Component: Designator=SW5(SW_LED)
Added Component: Designator=SW6(SW_LED)
Added Component: Designator=SW7(SW_LED)
Added Component: Designator=SW8(SW_LED)
Added Component: Designator=SW9(SW_LED)
Added Component: Designator=SW10(SW_LED)
Added Component: Designator=SW11(SW_LED)
Added Component: Designator=SW12(SW_LED)
Added Component: Designator=SW13(SW_LED)
Added Component: Designator=U1(CPLD100)
Added Component: Designator=U2(SOT-223)
Added Component: Designator=U3(SOP-16)
Added Component: Designator=U4(SOP-16)
Added Component: Designator=U5(SOP-16)
Added Component: Designator=U6(SOP-16)
Added Pin To Net: NetName=A1 Pin=DS1-10
Added Pin To Net: NetName=A1 Pin=U3-13
Added Net: Name=A1
Added Pin To Net: NetName=A2 Pin=DS2-10
Added Pin To Net: NetName=A2 Pin=U4-13
Added Net: Name=A2
Added Pin To Net: NetName=A3 Pin=DS3-10
Added Pin To Net: NetName=A3 Pin=U5-13
Added Net: Name=A3
Added Pin To Net: NetName=B1 Pin=DS1-9
Added Pin To Net: NetName=B1 Pin=U3-12
Added Net: Name=B1
Added Pin To Net: NetName=B2 Pin=DS2-9
Added Pin To Net: NetName=B2 Pin=U4-12
Added Net: Name=B2
Added Pin To Net: NetName=B3 Pin=DS3-9
Added Pin To Net: NetName=B3 Pin=U5-12
Added Net: Name=B3
Added Pin To Net: NetName=C1 Pin=DS1-8
Added Pin To Net: NetName=C1 Pin=U3-11
Added Net: Name=C1
Added Pin To Net: NetName=C2 Pin=DS2-8
Added Pin To Net: NetName=C2 Pin=U4-11
Added Net: Name=C2
Added Pin To Net: NetName=C3 Pin=DS3-8
Added Pin To Net: NetName=C3 Pin=U5-11
Added Net: Name=C3
Added Pin To Net: NetName=D1 Pin=DS1-5
Added Pin To Net: NetName=D1 Pin=U3-10
Added Net: Name=D1
Added Pin To Net: NetName=D2 Pin=DS2-5
Added Pin To Net: NetName=D2 Pin=U4-10
Added Net: Name=D2
Added Pin To Net: NetName=D3 Pin=DS3-5
Added Pin To Net: NetName=D3 Pin=U5-10
Added Net: Name=D3
Added Pin To Net: NetName=E1 Pin=DS1-4
Added Pin To Net: NetName=E1 Pin=U3-9
Added Net: Name=E1
Added Pin To Net: NetName=E2 Pin=DS2-4
Added Pin To Net: NetName=E2 Pin=U4-9
Added Net: Name=E2
Added Pin To Net: NetName=E3 Pin=DS3-4
Added Pin To Net: NetName=E3 Pin=U5-9
Added Net: Name=E3
Added Pin To Net: NetName=F1 Pin=DS1-2
Added Pin To Net: NetName=F1 Pin=U3-15
Added Net: Name=F1
Added Pin To Net: NetName=F2 Pin=DS2-2
Added Pin To Net: NetName=F2 Pin=U4-15
Added Net: Name=F2
Added Pin To Net: NetName=F3 Pin=DS3-2
Added Pin To Net: NetName=F3 Pin=U5-15
Added Net: Name=F3
Added Pin To Net: NetName=G1 Pin=DS1-3
Added Pin To Net: NetName=G1 Pin=U3-14
Added Net: Name=G1
Added Pin To Net: NetName=G2 Pin=DS2-3
Added Pin To Net: NetName=G2 Pin=U4-14
Added Net: Name=G2
Added Pin To Net: NetName=G3 Pin=DS3-3
Added Pin To Net: NetName=G3 Pin=U5-14
Added Net: Name=G3
Added Pin To Net: NetName=GND Pin=C12-2
Added Pin To Net: NetName=GND Pin=C13-2
Added Pin To Net: NetName=GND Pin=U2-1
Added Net: Name=GND
Added Pin To Net: NetName=NetD1_1 Pin=D1-1
Added Net: Name=NetD1_1
Added Pin To Net: NetName=NetD1_2 Pin=D1-2
Added Pin To Net: NetName=NetD1_2 Pin=D2-2
Added Pin To Net: NetName=NetD1_2 Pin=D3-2
Added Pin To Net: NetName=NetD1_2 Pin=D4-2
Added Pin To Net: NetName=NetD1_2 Pin=D5-2
Added Pin To Net: NetName=NetD1_2 Pin=D6-2
Added Pin To Net: NetName=NetD1_2 Pin=D7-2
Added Pin To Net: NetName=NetD1_2 Pin=LS1-2
Added Net: Name=NetD1_2
Added Pin To Net: NetName=NetD2_1 Pin=D2-1
Added Net: Name=NetD2_1
Added Pin To Net: NetName=NetD3_1 Pin=D3-1
Added Net: Name=NetD3_1
Added Pin To Net: NetName=NetD4_1 Pin=D4-1
Added Net: Name=NetD4_1
Added Pin To Net: NetName=NetD5_1 Pin=D5-1
Added Net: Name=NetD5_1
Added Pin To Net: NetName=NetD6_1 Pin=D6-1
Added Net: Name=NetD6_1
Added Pin To Net: NetName=NetD7_1 Pin=D7-1
Added Net: Name=NetD7_1
Added Pin To Net: NetName=NetDS1_1 Pin=DS1-1
Added Pin To Net: NetName=NetDS1_1 Pin=DS1-6
Added Pin To Net: NetName=NetDS1_1 Pin=DS2-6
Added Pin To Net: NetName=NetDS1_1 Pin=DS3-1
Added Pin To Net: NetName=NetDS1_1 Pin=DS3-6
Added Pin To Net: NetName=NetDS1_1 Pin=U3-5
Added Pin To Net: NetName=NetDS1_1 Pin=U3-8
Added Pin To Net: NetName=NetDS1_1 Pin=U4-5
Added Pin To Net: NetName=NetDS1_1 Pin=U4-8
Added Pin To Net: NetName=NetDS1_1 Pin=U5-5
Added Pin To Net: NetName=NetDS1_1 Pin=U5-8
Added Net: Name=NetDS1_1
Added Pin To Net: NetName=NetDS2_1 Pin=DS2-1
Added Net: Name=NetDS2_1
Added Net: Name=NetLED1_1
Added Net: Name=NetLED1_2
Added Pin To Net: NetName=NetLS1_1 Pin=LS1-1
Added Net: Name=NetLS1_1
Added Pin To Net: NetName=NetP1_1 Pin=P1-1
Added Pin To Net: NetName=NetP1_1 Pin=U6-16
Added Net: Name=NetP1_1
Added Pin To Net: NetName=NetP1_2 Pin=P1-2
Added Pin To Net: NetName=NetP1_2 Pin=U6-15
Added Net: Name=NetP1_2
Added Pin To Net: NetName=NetP1_3 Pin=P1-3
Added Pin To Net: NetName=NetP1_3 Pin=U6-14
Added Net: Name=NetP1_3
Added Pin To Net: NetName=NetP2_1 Pin=P2-1
Added Pin To Net: NetName=NetP2_1 Pin=U6-13
Added Net: Name=NetP2_1
Added Pin To Net: NetName=NetP2_2 Pin=P2-2
Added Pin To Net: NetName=NetP2_2 Pin=U6-12
Added Net: Name=NetP2_2
Added Pin To Net: NetName=NetS1_1 Pin=S1-1
Added Net: Name=NetS1_1
Added Pin To Net: NetName=NetS1_2 Pin=S1-2
Added Pin To Net: NetName=NetS1_2 Pin=SW1-2
Added Pin To Net: NetName=NetS1_2 Pin=SW1-2
Added Pin To Net: NetName=NetS1_2 Pin=SW1-4
Added Pin To Net: NetName=NetS1_2 Pin=SW2-2
Added Pin To Net: NetName=NetS1_2 Pin=SW2-2
Added Pin To Net: NetName=NetS1_2 Pin=SW2-4
Added Pin To Net: NetName=NetS1_2 Pin=SW3-2
Added Pin To Net: NetName=NetS1_2 Pin=SW3-2
Added Pin To Net: NetName=NetS1_2 Pin=SW3-4
Added Pin To Net: NetName=NetS1_2 Pin=SW4-2
Added Pin To Net: NetName=NetS1_2 Pin=SW4-2
Added Pin To Net: NetName=NetS1_2 Pin=SW4-4
Added Pin To Net: NetName=NetS1_2 Pin=SW5-2
Added Pin To Net: NetName=NetS1_2 Pin=SW5-2
Added Pin To Net: NetName=NetS1_2 Pin=SW5-4
Added Pin To Net: NetName=NetS1_2 Pin=SW6-2
Added Pin To Net: NetName=NetS1_2 Pin=SW6-2
Added Pin To Net: NetName=NetS1_2 Pin=SW6-4
Added Pin To Net: NetName=NetS1_2 Pin=SW7-2
Added Pin To Net: NetName=NetS1_2 Pin=SW7-2
Added Pin To Net: NetName=NetS1_2 Pin=SW7-4
Added Pin To Net: NetName=NetS1_2 Pin=SW8-2
Added Pin To Net: NetName=NetS1_2 Pin=SW8-2
Added Pin To Net: NetName=NetS1_2 Pin=SW8-4
Added Pin To Net: NetName=NetS1_2 Pin=SW9-2
Added Pin To Net: NetName=NetS1_2 Pin=SW9-2
Added Pin To Net: NetName=NetS1_2 Pin=SW9-4
Added Pin To Net: NetName=NetS1_2 Pin=SW10-2
Added Pin To Net: NetName=NetS1_2 Pin=SW10-2
Added Pin To Net: NetName=NetS1_2 Pin=SW10-4
Added Pin To Net: NetName=NetS1_2 Pin=SW11-2
Added Pin To Net: NetName=NetS1_2 Pin=SW11-2
Added Pin To Net: NetName=NetS1_2 Pin=SW11-4
Added Pin To Net: NetName=NetS1_2 Pin=SW12-2
Added Pin To Net: NetName=NetS1_2 Pin=SW12-2
Added Pin To Net: NetName=NetS1_2 Pin=SW12-4
Added Pin To Net: NetName=NetS1_2 Pin=SW13-2
Added Pin To Net: NetName=NetS1_2 Pin=SW13-2
Added Pin To Net: NetName=NetS1_2 Pin=SW13-4
Added Net: Name=NetS1_2
Added Pin To Net: NetName=NetSW1_1 Pin=SW1-1
Added Pin To Net: NetName=NetSW1_1 Pin=SW1-1
Added Net: Name=NetSW1_1
Added Pin To Net: NetName=NetSW1_3 Pin=SW1-3
Added Net: Name=NetSW1_3
Added Pin To Net: NetName=NetSW2_1 Pin=SW2-1
Added Pin To Net: NetName=NetSW2_1 Pin=SW2-1
Added Net: Name=NetSW2_1
Added Pin To Net: NetName=NetSW2_3 Pin=SW2-3
Added Net: Name=NetSW2_3
Added Pin To Net: NetName=NetSW3_1 Pin=SW3-1
Added Pin To Net: NetName=NetSW3_1 Pin=SW3-1
Added Net: Name=NetSW3_1
Added Pin To Net: NetName=NetSW3_3 Pin=SW3-3
Added Net: Name=NetSW3_3
Added Pin To Net: NetName=NetSW4_1 Pin=SW4-1
Added Pin To Net: NetName=NetSW4_1 Pin=SW4-1
Added Net: Name=NetSW4_1
Added Pin To Net: NetName=NetSW4_3 Pin=SW4-3
Added Net: Name=NetSW4_3
Added Pin To Net: NetName=NetSW5_1 Pin=SW5-1
Added Pin To Net: NetName=NetSW5_1 Pin=SW5-1
Added Net: Name=NetSW5_1
Added Pin To Net: NetName=NetSW5_3 Pin=SW5-3
Added Net: Name=NetSW5_3
Added Pin To Net: NetName=NetSW6_1 Pin=SW6-1
Added Pin To Net: NetName=NetSW6_1 Pin=SW6-1
Added Net: Name=NetSW6_1
Added Pin To Net: NetName=NetSW6_3 Pin=SW6-3
Added Net: Name=NetSW6_3
Added Pin To Net: NetName=NetSW7_1 Pin=SW7-1
Added Pin To Net: NetName=NetSW7_1 Pin=SW7-1
Added Net: Name=NetSW7_1
Added Pin To Net: NetName=NetSW7_3 Pin=SW7-3
Added Net: Name=NetSW7_3
Added Pin To Net: NetName=NetSW8_1 Pin=SW8-1
Added Pin To Net: NetName=NetSW8_1 Pin=SW8-1
Added Net: Name=NetSW8_1
Added Pin To Net: NetName=NetSW8_3 Pin=SW8-3
Added Net: Name=NetSW8_3
Added Pin To Net: NetName=NetSW9_1 Pin=SW9-1
Added Pin To Net: NetName=NetSW9_1 Pin=SW9-1
Added Net: Name=NetSW9_1
Added Pin To Net: NetName=NetSW9_3 Pin=SW9-3
Added Net: Name=NetSW9_3
Added Pin To Net: NetName=NetSW10_1 Pin=SW10-1
Added Pin To Net: NetName=NetSW10_1 Pin=SW10-1
Added Net: Name=NetSW10_1
Added Pin To Net: NetName=NetSW10_3 Pin=SW10-3
Added Net: Name=NetSW10_3
Added Pin To Net: NetName=NetSW11_1 Pin=SW11-1
Added Pin To Net: NetName=NetSW11_1 Pin=SW11-1
Added Net: Name=NetSW11_1
Added Pin To Net: NetName=NetSW11_3 Pin=SW11-3
Added Net: Name=NetSW11_3
Added Pin To Net: NetName=NetSW12_1 Pin=SW12-1
Added Pin To Net: NetName=NetSW12_1 Pin=SW12-1
Added Net: Name=NetSW12_1
Added Pin To Net: NetName=NetSW12_3 Pin=SW12-3
Added Net: Name=NetSW12_3
Added Pin To Net: NetName=NetSW13_1 Pin=SW13-1
Added Pin To Net: NetName=NetSW13_1 Pin=SW13-1
Added Net: Name=NetSW13_1
Added Pin To Net: NetName=NetSW13_3 Pin=SW13-3
Added Net: Name=NetSW13_3
Added Pin To Net: NetName=NetU3_1 Pin=U3-1
Added Net: Name=NetU3_1
Added Pin To Net: NetName=NetU3_2 Pin=U3-2
Added Net: Name=NetU3_2
Added Pin To Net: NetName=NetU3_3 Pin=U3-3
Added Pin To Net: NetName=NetU3_3 Pin=U3-4
Added Pin To Net: NetName=NetU3_3 Pin=U3-6
Added Pin To Net: NetName=NetU3_3 Pin=U3-16
Added Pin To Net: NetName=NetU3_3 Pin=U4-3
Added Pin To Net: NetName=NetU3_3 Pin=U4-4
Added Pin To Net: NetName=NetU3_3 Pin=U4-16
Added Pin To Net: NetName=NetU3_3 Pin=U5-3
Added Pin To Net: NetName=NetU3_3 Pin=U5-4
Added Pin To Net: NetName=NetU3_3 Pin=U5-16
Added Net: Name=NetU3_3
Added Pin To Net: NetName=NetU3_7 Pin=U3-7
Added Net: Name=NetU3_7
Added Pin To Net: NetName=NetU4_1 Pin=U4-1
Added Net: Name=NetU4_1
Added Pin To Net: NetName=NetU4_2 Pin=U4-2
Added Net: Name=NetU4_2
Added Pin To Net: NetName=NetU4_6 Pin=U4-6
Added Net: Name=NetU4_6
Added Pin To Net: NetName=NetU4_7 Pin=U4-7
Added Net: Name=NetU4_7
Added Pin To Net: NetName=NetU5_1 Pin=U5-1
Added Net: Name=NetU5_1
Added Pin To Net: NetName=NetU5_2 Pin=U5-2
Added Net: Name=NetU5_2
Added Pin To Net: NetName=NetU5_6 Pin=U5-6
Added Net: Name=NetU5_6
Added Pin To Net: NetName=NetU5_7 Pin=U5-7
Added Net: Name=NetU5_7
Added Pin To Net: NetName=NetU6_1 Pin=U6-1
Added Net: Name=NetU6_1
Added Pin To Net: NetName=NetU6_2 Pin=U6-2
Added Net: Name=NetU6_2
Added Pin To Net: NetName=NetU6_3 Pin=U6-3
Added Net: Name=NetU6_3
Added Pin To Net: NetName=NetU6_4 Pin=U6-4
Added Net: Name=NetU6_4
Added Pin To Net: NetName=NetU6_5 Pin=U6-5
Added Net: Name=NetU6_5
Added Pin To Net: NetName=NetU6_8 Pin=U6-8
Added Net: Name=NetU6_8
Added Pin To Net: NetName=NetU6_9 Pin=U6-9
Added Net: Name=NetU6_9
Added Pin To Net: NetName=VCC Pin=C13-1
Added Pin To Net: NetName=VCC Pin=U2-3
Added Net: Name=VCC
Added Pin To Net: NetName=VDD Pin=C12-1
Added Pin To Net: NetName=VDD Pin=U2-2
Added Pin To Net: NetName=VDD Pin=U2-2
Added Net: Name=VDD
Added Class: Name=elevator
Added Class: Name=U_door_fan_bell
Added Class: Name=U_led_show
Added Class: Name=U_motor_control
Added Class: Name=U_switch_input
Added Room: Name=elevator
Added Room: Name=U_door_fan_bell
Added Room: Name=U_led_show
Added Room: Name=U_motor_control
Added Room: Name=U_switch_input
