Removed Pin From Net: NetName=PIN34 Pin=P7-9
Removed Pin From Net: NetName=PIN35 Pin=P7-10
Removed Pin From Net: NetName=PIN36 Pin=P7-11
Removed Pin From Net: NetName=PIN37 Pin=P7-12
Removed Pin From Net: NetName=PIN26 Pin=P8-1
Removed Pin From Net: NetName=PIN27 Pin=P8-2
Removed Pin From Net: NetName=PIN28 Pin=P8-3
Removed Pin From Net: NetName=PIN29 Pin=P8-4
Removed Pin From Net: NetName=PIN30 Pin=P8-5
Removed Pin From Net: NetName=PIN31 Pin=P8-6
Removed Pin From Net: NetName=PIN32 Pin=P8-7
Removed Pin From Net: NetName=PIN33 Pin=P8-8
Removed Pin From Net: NetName=PIN34 Pin=P8-9
Removed Pin From Net: NetName=PIN35 Pin=P8-10
Removed Pin From Net: NetName=PIN36 Pin=P8-11
Removed Pin From Net: NetName=PIN37 Pin=P8-12
Removed Pin From Net: NetName=PIN14 Pin=P9-1
Removed Pin From Net: NetName=PIN15 Pin=P9-2
Removed Pin From Net: NetName=PIN16 Pin=P9-3
Removed Pin From Net: NetName=PIN17 Pin=P9-4
Removed Pin From Net: NetName=PIN18 Pin=P9-5
Removed Pin From Net: NetName=PIN19 Pin=P9-6
Removed Pin From Net: NetName=PIN20 Pin=P9-7
Removed Pin From Net: NetName=PIN21 Pin=P9-8
Removed Member From Class: ClassName=elevator Member=P9
Change Component DesignItemId : Designator=P8 Old DesignItemId=Header 12 New DesignItemId=Header 4
Change Component DesignItemId : Designator=P7 Old DesignItemId=Header 12 New DesignItemId=Header 8
Change Component Footprint: Designator=P8 Old Footprint=HDR1X12 New Footprint=HDR1X4
Change Component Footprint: Designator=P7 Old Footprint=HDR1X12 New Footprint=HDR1X8
Change Component Comment : Designator=P8 Old Comment=Header 12 New Comment=Header 4
Change Component Comment : Designator=P7 Old Comment=Header 12 New Comment=Header 8
Added Pin To Net: NetName=PIN34 Pin=P8-1
Added Pin To Net: NetName=PIN35 Pin=P8-2
Added Pin To Net: NetName=PIN36 Pin=P8-3
Added Pin To Net: NetName=PIN37 Pin=P8-4
