Removed Pin From Net: NetName=A1 Pin=LED2-1
Removed Pin From Net: NetName=F1 Pin=LED2-2
Removed Pin From Net: NetName=G1 Pin=LED2-3
Removed Pin From Net: NetName=E1 Pin=LED2-4
Removed Pin From Net: NetName=D1 Pin=LED2-5
Removed Pin From Net: NetName=C1 Pin=LED2-8
Removed Pin From Net: NetName=B1 Pin=LED2-10
Removed Pin From Net: NetName=A2 Pin=LED3-1
Removed Pin From Net: NetName=F2 Pin=LED3-2
Removed Pin From Net: NetName=G2 Pin=LED3-3
Removed Pin From Net: NetName=E2 Pin=LED3-4
Removed Pin From Net: NetName=D2 Pin=LED3-5
Removed Pin From Net: NetName=C2 Pin=LED3-8
Removed Pin From Net: NetName=B2 Pin=LED3-10
Removed Pin From Net: NetName=A3 Pin=LED4-1
Removed Pin From Net: NetName=F3 Pin=LED4-2
Removed Pin From Net: NetName=G3 Pin=LED4-3
Removed Pin From Net: NetName=E3 Pin=LED4-4
Removed Pin From Net: NetName=D3 Pin=LED4-5
Removed Pin From Net: NetName=C3 Pin=LED4-8
Removed Pin From Net: NetName=B3 Pin=LED4-10
Removed Pin From Net: NetName=A4 Pin=LED5-1
Removed Pin From Net: NetName=F4 Pin=LED5-2
Removed Pin From Net: NetName=G4 Pin=LED5-3
Removed Pin From Net: NetName=E4 Pin=LED5-4
Removed Pin From Net: NetName=D4 Pin=LED5-5
Removed Pin From Net: NetName=C4 Pin=LED5-8
Removed Pin From Net: NetName=B4 Pin=LED5-10
Change Component DesignItemId : Designator=H1 Old DesignItemId= New DesignItemId=USB½Ó¿Ú
Change Component DesignItemId : Designator=U2 Old DesignItemId=1117 New DesignItemId=1117B
Change Component DesignItemId : Designator=U3 Old DesignItemId=CD451 New DesignItemId=CD4511
Change Component DesignItemId : Designator=U4 Old DesignItemId=CD451 New DesignItemId=CD4511
Change Component DesignItemId : Designator=U5 Old DesignItemId=CD451 New DesignItemId=CD4511
Change Component DesignItemId : Designator=U8 Old DesignItemId=CD451 New DesignItemId=CD4511
Change Component DesignItemId : Designator=LED2 Old DesignItemId=DPY8_ New DesignItemId=DPY8_1
Change Component DesignItemId : Designator=LED3 Old DesignItemId=DPY8_ New DesignItemId=DPY8_1
Change Component DesignItemId : Designator=LED4 Old DesignItemId=DPY8_ New DesignItemId=DPY8_1
Change Component DesignItemId : Designator=LED5 Old DesignItemId=DPY8_ New DesignItemId=DPY8_1
Change Component DesignItemId : Designator=U1 Old DesignItemId=EPM240T100 New DesignItemId=EPM240T1005
Change Component DesignItemId : Designator=U7 Old DesignItemId=NE55 New DesignItemId=NE555
Change Component DesignItemId : Designator=SW1 Old DesignItemId=SW_LE New DesignItemId=SW_LED
Change Component DesignItemId : Designator=SW2 Old DesignItemId=SW_LE New DesignItemId=SW_LED
Change Component DesignItemId : Designator=SW3 Old DesignItemId=SW_LE New DesignItemId=SW_LED
Change Component DesignItemId : Designator=SW4 Old DesignItemId=SW_LE New DesignItemId=SW_LED
Change Component DesignItemId : Designator=SW5 Old DesignItemId=SW_LE New DesignItemId=SW_LED
Change Component DesignItemId : Designator=SW6 Old DesignItemId=SW_LE New DesignItemId=SW_LED
Change Component DesignItemId : Designator=SW7 Old DesignItemId=SW_LE New DesignItemId=SW_LED
Change Component DesignItemId : Designator=SW8 Old DesignItemId=SW_LE New DesignItemId=SW_LED
Change Component DesignItemId : Designator=SW9 Old DesignItemId=SW_LE New DesignItemId=SW_LED
Change Component DesignItemId : Designator=SW10 Old DesignItemId=SW_LE New DesignItemId=SW_LED
Change Component DesignItemId : Designator=SW11 Old DesignItemId=SW_LE New DesignItemId=SW_LED
Change Component DesignItemId : Designator=SW12 Old DesignItemId=SW_LE New DesignItemId=SW_LED
Change Component DesignItemId : Designator=SW13 Old DesignItemId=SW_LE New DesignItemId=SW_LED
Change Component DesignItemId : Designator=U6 Old DesignItemId=ULN200 New DesignItemId=ULN2003
Change Component Footprint: Designator=R1 Old Footprint=1/4W New Footprint=0603
Change Component Footprint: Designator=U7 Old Footprint=DIP8 New Footprint=SOP-8
Change Component Footprint: Designator=C1 Old Footprint=RAD-0.1 New Footprint=0603
Change Component Footprint: Designator=C2 Old Footprint=RAD-0.1 New Footprint=0603
Change Component Description : Designator=C12 Old Description=Capacitor (Semiconductor SIM M New Description=Capacitor (Semiconductor SIM Model)
Change Component Description : Designator=C13 Old Description=Capacitor (Semiconductor SIM M New Description=Capacitor (Semiconductor SIM Model)
Change Component Description : Designator=LS1 Old Description=Electrical New Description=Electrical Bell
Change Component Description : Designator=R2 Old Description=Res New Description=Resistor
Change Component Description : Designator=S2 Old Description=Single-Pole, Single-Throw Switc New Description=Single-Pole, Single-Throw Switch
Change Component Description : Designator=S1 Old Description=Switc New Description=Switch
Change Component Description : Designator=D1 Old Description=Typical INFRARED GaA New Description=Typical INFRARED GaAs LED
Change Component Description : Designator=D2 Old Description=Typical INFRARED GaA New Description=Typical INFRARED GaAs LED
Change Component Description : Designator=D3 Old Description=Typical INFRARED GaA New Description=Typical INFRARED GaAs LED
Change Component Description : Designator=D4 Old Description=Typical INFRARED GaA New Description=Typical INFRARED GaAs LED
Change Component Description : Designator=D5 Old Description=Typical INFRARED GaA New Description=Typical INFRARED GaAs LED
Change Component Description : Designator=D6 Old Description=Typical INFRARED GaA New Description=Typical INFRARED GaAs LED
Change Component Description : Designator=D7 Old Description=Typical INFRARED GaA New Description=Typical INFRARED GaAs LED
Change Component Description : Designator=D8 Old Description=Typical INFRARED GaA New Description=Typical INFRARED GaAs LED
Change Component Description : Designator=D9 Old Description=Typical INFRARED GaA New Description=Typical INFRARED GaAs LED
Change Component Description : Designator=D10 Old Description=Typical INFRARED GaA New Description=Typical INFRARED GaAs LED
Added Component: Designator=R3(PR_4R)
Added Component: Designator=R4(PR_4R)
Added Component: Designator=R5(PR_4R)
Added Component: Designator=R6(PR_4R)
Added Component: Designator=R7(PR_4R)
Added Component: Designator=R8(PR_4R)
Added Component: Designator=R9(PR_4R)
Added Component: Designator=R10(PR_4R)
Added Pin To Net: NetName=A1 Pin=R3-1
Added Pin To Net: NetName=B1 Pin=R3-2
Added Pin To Net: NetName=C1 Pin=R3-3
Added Pin To Net: NetName=D1 Pin=R3-4
Added Pin To Net: NetName=E1 Pin=R4-1
Added Pin To Net: NetName=F1 Pin=R4-2
Added Pin To Net: NetName=G1 Pin=R4-3
Added Pin To Net: NetName=A2 Pin=R5-1
Added Pin To Net: NetName=B2 Pin=R5-2
Added Pin To Net: NetName=C2 Pin=R5-3
Added Pin To Net: NetName=D2 Pin=R5-4
Added Pin To Net: NetName=E2 Pin=R6-1
Added Pin To Net: NetName=F2 Pin=R6-2
Added Pin To Net: NetName=G2 Pin=R6-3
Added Pin To Net: NetName=A3 Pin=R7-1
Added Pin To Net: NetName=B3 Pin=R7-2
Added Pin To Net: NetName=C3 Pin=R7-3
Added Pin To Net: NetName=D3 Pin=R7-4
Added Pin To Net: NetName=E3 Pin=R8-1
Added Pin To Net: NetName=F3 Pin=R8-2
Added Pin To Net: NetName=G3 Pin=R8-3
Added Pin To Net: NetName=A4 Pin=R9-1
Added Pin To Net: NetName=B4 Pin=R9-2
Added Pin To Net: NetName=C4 Pin=R9-3
Added Pin To Net: NetName=D4 Pin=R9-4
Added Pin To Net: NetName=E4 Pin=R10-1
Added Pin To Net: NetName=F4 Pin=R10-2
Added Pin To Net: NetName=G4 Pin=R10-3
Added Pin To Net: NetName=GND Pin=U3-6
Added Pin To Net: NetName=NetLED2_1 Pin=LED2-1
Added Pin To Net: NetName=NetLED2_1 Pin=R3-8
Added Net: Name=NetLED2_1
Added Pin To Net: NetName=NetLED2_2 Pin=LED2-2
Added Pin To Net: NetName=NetLED2_2 Pin=R4-7
Added Net: Name=NetLED2_2
Added Pin To Net: NetName=NetLED2_3 Pin=LED2-3
Added Pin To Net: NetName=NetLED2_3 Pin=R4-6
Added Net: Name=NetLED2_3
Added Pin To Net: NetName=NetLED2_4 Pin=LED2-4
Added Pin To Net: NetName=NetLED2_4 Pin=R4-8
Added Net: Name=NetLED2_4
Added Pin To Net: NetName=NetLED2_5 Pin=LED2-5
Added Pin To Net: NetName=NetLED2_5 Pin=R3-5
Added Net: Name=NetLED2_5
Added Pin To Net: NetName=NetLED2_8 Pin=LED2-8
Added Pin To Net: NetName=NetLED2_8 Pin=R3-6
Added Net: Name=NetLED2_8
Added Pin To Net: NetName=NetLED2_10 Pin=LED2-10
Added Pin To Net: NetName=NetLED2_10 Pin=R3-7
Added Net: Name=NetLED2_10
Added Pin To Net: NetName=NetLED3_1 Pin=LED3-1
Added Pin To Net: NetName=NetLED3_1 Pin=R5-8
Added Net: Name=NetLED3_1
Added Pin To Net: NetName=NetLED3_2 Pin=LED3-2
Added Pin To Net: NetName=NetLED3_2 Pin=R6-7
Added Net: Name=NetLED3_2
Added Pin To Net: NetName=NetLED3_3 Pin=LED3-3
Added Pin To Net: NetName=NetLED3_3 Pin=R6-6
Added Net: Name=NetLED3_3
Added Pin To Net: NetName=NetLED3_4 Pin=LED3-4
Added Pin To Net: NetName=NetLED3_4 Pin=R6-8
Added Net: Name=NetLED3_4
Added Pin To Net: NetName=NetLED3_5 Pin=LED3-5
Added Pin To Net: NetName=NetLED3_5 Pin=R5-5
Added Net: Name=NetLED3_5
Added Pin To Net: NetName=NetLED3_8 Pin=LED3-8
Added Pin To Net: NetName=NetLED3_8 Pin=R5-6
Added Net: Name=NetLED3_8
Added Pin To Net: NetName=NetLED3_10 Pin=LED3-10
Added Pin To Net: NetName=NetLED3_10 Pin=R5-7
Added Net: Name=NetLED3_10
Added Pin To Net: NetName=NetLED4_1 Pin=LED4-1
Added Pin To Net: NetName=NetLED4_1 Pin=R7-8
Added Net: Name=NetLED4_1
Added Pin To Net: NetName=NetLED4_2 Pin=LED4-2
Added Pin To Net: NetName=NetLED4_2 Pin=R8-7
Added Net: Name=NetLED4_2
Added Pin To Net: NetName=NetLED4_3 Pin=LED4-3
Added Pin To Net: NetName=NetLED4_3 Pin=R8-6
Added Net: Name=NetLED4_3
Added Pin To Net: NetName=NetLED4_4 Pin=LED4-4
Added Pin To Net: NetName=NetLED4_4 Pin=R8-8
Added Net: Name=NetLED4_4
Added Pin To Net: NetName=NetLED4_5 Pin=LED4-5
Added Pin To Net: NetName=NetLED4_5 Pin=R7-5
Added Net: Name=NetLED4_5
Added Pin To Net: NetName=NetLED4_8 Pin=LED4-8
Added Pin To Net: NetName=NetLED4_8 Pin=R7-6
Added Net: Name=NetLED4_8
Added Pin To Net: NetName=NetLED4_10 Pin=LED4-10
Added Pin To Net: NetName=NetLED4_10 Pin=R7-7
Added Net: Name=NetLED4_10
Added Pin To Net: NetName=NetLED5_1 Pin=LED5-1
Added Pin To Net: NetName=NetLED5_1 Pin=R9-8
Added Net: Name=NetLED5_1
Added Pin To Net: NetName=NetLED5_2 Pin=LED5-2
Added Pin To Net: NetName=NetLED5_2 Pin=R10-7
Added Net: Name=NetLED5_2
Added Pin To Net: NetName=NetLED5_3 Pin=LED5-3
Added Pin To Net: NetName=NetLED5_3 Pin=R10-6
Added Net: Name=NetLED5_3
Added Pin To Net: NetName=NetLED5_4 Pin=LED5-4
Added Pin To Net: NetName=NetLED5_4 Pin=R10-8
Added Net: Name=NetLED5_4
Added Pin To Net: NetName=NetLED5_5 Pin=LED5-5
Added Pin To Net: NetName=NetLED5_5 Pin=R9-5
Added Net: Name=NetLED5_5
Added Pin To Net: NetName=NetLED5_8 Pin=LED5-8
Added Pin To Net: NetName=NetLED5_8 Pin=R9-6
Added Net: Name=NetLED5_8
Added Pin To Net: NetName=NetLED5_10 Pin=LED5-10
Added Pin To Net: NetName=NetLED5_10 Pin=R9-7
Added Net: Name=NetLED5_10
Added Member To Class: ClassName=U_led_show Member=Component R3 PR4
Added Member To Class: ClassName=U_led_show Member=Component R4 PR4
Added Member To Class: ClassName=U_led_show Member=Component R5 PR4
Added Member To Class: ClassName=U_led_show Member=Component R6 PR4
Added Member To Class: ClassName=U_led_show Member=Component R7 PR4
Added Member To Class: ClassName=U_led_show Member=Component R8 PR4
Added Member To Class: ClassName=U_led_show Member=Component R9 PR4
Added Member To Class: ClassName=U_led_show Member=Component R10 PR4
Added Room: Name=elevator
Added Room: Name=U_clock
Added Room: Name=U_door_fan_bell
Added Room: Name=U_led_show
Added Room: Name=U_motor_control
Added Room: Name=U_switch_input
