Change Component DesignItemId : Designator=U2 Old DesignItemId=1117 New DesignItemId=1117B
Change Component DesignItemId : Designator=U3 Old DesignItemId=CD451 New DesignItemId=CD4511
Change Component DesignItemId : Designator=U4 Old DesignItemId=CD451 New DesignItemId=CD4511
Change Component DesignItemId : Designator=U5 Old DesignItemId=CD451 New DesignItemId=CD4511
Change Component DesignItemId : Designator=U8 Old DesignItemId=CD451 New DesignItemId=CD4511
Change Component DesignItemId : Designator=LED2 Old DesignItemId=DPY8_ New DesignItemId=DPY8_1
Change Component DesignItemId : Designator=LED3 Old DesignItemId=DPY8_ New DesignItemId=DPY8_1
Change Component DesignItemId : Designator=LED4 Old DesignItemId=DPY8_ New DesignItemId=DPY8_1
Change Component DesignItemId : Designator=LED5 Old DesignItemId=DPY8_ New DesignItemId=DPY8_1
Change Component DesignItemId : Designator=U1 Old DesignItemId=EPM240T100 New DesignItemId=EPM240T1005
Change Component DesignItemId : Designator=U7 Old DesignItemId=NE55 New DesignItemId=NE555
Change Component DesignItemId : Designator=R3 Old DesignItemId=PResiste New DesignItemId=PResister
Change Component DesignItemId : Designator=R4 Old DesignItemId=PResiste New DesignItemId=PResister
Change Component DesignItemId : Designator=R5 Old DesignItemId=PResiste New DesignItemId=PResister
Change Component DesignItemId : Designator=R6 Old DesignItemId=PResiste New DesignItemId=PResister
Change Component DesignItemId : Designator=R7 Old DesignItemId=PResiste New DesignItemId=PResister
Change Component DesignItemId : Designator=R8 Old DesignItemId=PResiste New DesignItemId=PResister
Change Component DesignItemId : Designator=R9 Old DesignItemId=PResiste New DesignItemId=PResister
Change Component DesignItemId : Designator=R10 Old DesignItemId=PResiste New DesignItemId=PResister
Change Component DesignItemId : Designator=SW1 Old DesignItemId=SW_LE New DesignItemId=SW_LED
Change Component DesignItemId : Designator=SW2 Old DesignItemId=SW_LE New DesignItemId=SW_LED
Change Component DesignItemId : Designator=SW3 Old DesignItemId=SW_LE New DesignItemId=SW_LED
Change Component DesignItemId : Designator=SW4 Old DesignItemId=SW_LE New DesignItemId=SW_LED
Change Component DesignItemId : Designator=SW5 Old DesignItemId=SW_LE New DesignItemId=SW_LED
Change Component DesignItemId : Designator=SW6 Old DesignItemId=SW_LE New DesignItemId=SW_LED
Change Component DesignItemId : Designator=SW7 Old DesignItemId=SW_LE New DesignItemId=SW_LED
Change Component DesignItemId : Designator=SW8 Old DesignItemId=SW_LE New DesignItemId=SW_LED
Change Component DesignItemId : Designator=SW9 Old DesignItemId=SW_LE New DesignItemId=SW_LED
Change Component DesignItemId : Designator=SW10 Old DesignItemId=SW_LE New DesignItemId=SW_LED
Change Component DesignItemId : Designator=SW11 Old DesignItemId=SW_LE New DesignItemId=SW_LED
Change Component DesignItemId : Designator=SW12 Old DesignItemId=SW_LE New DesignItemId=SW_LED
Change Component DesignItemId : Designator=SW13 Old DesignItemId=SW_LE New DesignItemId=SW_LED
Change Component DesignItemId : Designator=U6 Old DesignItemId=ULN200 New DesignItemId=ULN2003
Change Component Comment : Designator=R3 Old Comment=PR4 New Comment=300
Change Component Comment : Designator=R5 Old Comment=PR4 New Comment=300
Change Component Comment : Designator=R7 Old Comment=PR4 New Comment=300
Change Component Comment : Designator=R9 Old Comment=PR4 New Comment=300
Change Component Comment : Designator=R10 Old Comment=PR4 New Comment=300
Change Component Description : Designator=C1 Old Description=Capa New Description=Capacitor
Change Component Description : Designator=C2 Old Description=Capa New Description=Capacitor
Change Component Description : Designator=C12 Old Description=Capacitor (Semiconductor SIM M New Description=Capacitor (Semiconductor SIM Model)
Change Component Description : Designator=C13 Old Description=Capacitor (Semiconductor SIM M New Description=Capacitor (Semiconductor SIM Model)
Change Component Description : Designator=LS1 Old Description=Electrical New Description=Electrical Bell
Change Component Description : Designator=P5 Old Description=Header, 5-Pin, Dual ro New Description=Header, 5-Pin, Dual row
Change Component Description : Designator=R1 Old Description=Res New Description=Resistor
Change Component Description : Designator=R2 Old Description=Res New Description=Resistor
Change Component Description : Designator=R11 Old Description=Res New Description=Resistor
Change Component Description : Designator=R12 Old Description=Res New Description=Resistor
Change Component Description : Designator=S2 Old Description=Single-Pole, Single-Throw Switc New Description=Single-Pole, Single-Throw Switch
Change Component Description : Designator=S3 Old Description=Single-Pole, Single-Throw Switc New Description=Single-Pole, Single-Throw Switch
Change Component Description : Designator=S1 Old Description=Switc New Description=Switch
Change Component Description : Designator=D1 Old Description=Typical INFRARED GaA New Description=Typical INFRARED GaAs LED
Change Component Description : Designator=D2 Old Description=Typical INFRARED GaA New Description=Typical INFRARED GaAs LED
Change Component Description : Designator=D3 Old Description=Typical INFRARED GaA New Description=Typical INFRARED GaAs LED
Change Component Description : Designator=D4 Old Description=Typical INFRARED GaA New Description=Typical INFRARED GaAs LED
Change Component Description : Designator=D5 Old Description=Typical INFRARED GaA New Description=Typical INFRARED GaAs LED
Change Component Description : Designator=D6 Old Description=Typical INFRARED GaA New Description=Typical INFRARED GaAs LED
Change Component Description : Designator=D7 Old Description=Typical INFRARED GaA New Description=Typical INFRARED GaAs LED
Change Component Description : Designator=D8 Old Description=Typical INFRARED GaA New Description=Typical INFRARED GaAs LED
Change Component Description : Designator=D9 Old Description=Typical INFRARED GaA New Description=Typical INFRARED GaAs LED
Change Component Description : Designator=D10 Old Description=Typical INFRARED GaA New Description=Typical INFRARED GaAs LED
Change Component Description : Designator=D11 Old Description=Typical INFRARED GaA New Description=Typical INFRARED GaAs LED
Change Component Description : Designator=D12 Old Description=Typical INFRARED GaA New Description=Typical INFRARED GaAs LED
Added Component: Designator=USB1(miniUSB)
Added Pin To Net: NetName=NetS3_2 Pin=USB1-1
Added Pin To Net: NetName=NetS3_2 Pin=USB1-1
Added Pin To Net: NetName=GND Pin=USB1-5
Added Member To Class: ClassName=elevator Member=Component USB1 miniUSB
