Removed Pin From Net: NetName=TDO Pin=P5-2
Removed Pin From Net: NetName=TMS Pin=P5-3
Removed Pin From Net: NetName=TDI Pin=P5-5
Removed Pin From Net: NetName=GND Pin=P5-6
Removed Pin From Net: NetName=V3-3 Pin=P5-7
Removed Pin From Net: NetName=V3-3 Pin=P9-4
Removed Pin From Net: NetName=V3-3 Pin=P9-5
Removed Pin From Net: NetName=GND Pin=P9-7
Removed Pin From Net: NetName=GND Pin=P9-8
Removed Pin From Net: NetName=GND Pin=P9-9
Removed Pin From Net: NetName=GND Pin=P9-10
Removed Pin From Net: NetName=V5 Pin=P10-4
Removed Pin From Net: NetName=V5 Pin=P10-5
Removed Pin From Net: NetName=GND Pin=P10-7
Removed Pin From Net: NetName=GND Pin=P10-8
Removed Pin From Net: NetName=GND Pin=P10-9
Removed Pin From Net: NetName=GND Pin=P10-10
Change Component DesignItemId : Designator=P9 Old DesignItemId=Header 5X2A New DesignItemId=Header 3X2A
Change Component DesignItemId : Designator=P10 Old DesignItemId=Header 5X2A New DesignItemId=Header 3X2A
Change Component DesignItemId : Designator=P5 Old DesignItemId=Header 5X2A New DesignItemId=Header 5X2
Change Component Footprint: Designator=P9 Old Footprint=HDR2X5_CEN New Footprint=HDR2X3_CEN
Change Component Footprint: Designator=P10 Old Footprint=HDR2X5_CEN New Footprint=HDR2X3_CEN
Change Component Footprint: Designator=P5 Old Footprint=HDR2X5_CEN New Footprint=HDR2X5
Change Component Comment : Designator=P9 Old Comment=Header 5X2A New Comment=Header 3X2A
Change Component Comment : Designator=P10 Old Comment=Header 5X2A New Comment=Header 3X2A
Change Component Comment : Designator=P5 Old Comment=Header 5X2A New Comment=Header 5X2
Added Pin To Net: NetName=GND Pin=P5-2
Added Pin To Net: NetName=TDO Pin=P5-3
Added Pin To Net: NetName=V3-3 Pin=P5-4
Added Pin To Net: NetName=TMS Pin=P5-5
Added Pin To Net: NetName=TDI Pin=P5-9
Added Pin To Net: NetName=GND Pin=P9-4
Added Pin To Net: NetName=GND Pin=P9-5
Added Pin To Net: NetName=GND Pin=P10-4
Added Pin To Net: NetName=GND Pin=P10-5
