Removed Pin From Net: NetName=A4 Pin=LED?-1
Removed Pin From Net: NetName=F4 Pin=LED?-2
Removed Pin From Net: NetName=G4 Pin=LED?-3
Removed Pin From Net: NetName=E4 Pin=LED?-4
Removed Pin From Net: NetName=D4 Pin=LED?-5
Removed Pin From Net: NetName=C4 Pin=LED?-8
Removed Pin From Net: NetName=B4 Pin=LED?-10
Change Component Designator: OldDesignator=LED? NewDesignator=LED2
Change Component Designator: OldDesignator=LED? NewDesignator=LED3
Change Component Designator: OldDesignator=LED? NewDesignator=LED4
Change Component Designator: OldDesignator=LED? NewDesignator=LED5
Added Pin To Net: NetName=A1 Pin=LED2-1
Added Pin To Net: NetName=F1 Pin=LED2-2
Added Pin To Net: NetName=G1 Pin=LED2-3
Added Pin To Net: NetName=E1 Pin=LED2-4
Added Pin To Net: NetName=D1 Pin=LED2-5
Added Pin To Net: NetName=C1 Pin=LED2-8
Added Pin To Net: NetName=B1 Pin=LED2-10
Added Pin To Net: NetName=A2 Pin=LED3-1
Added Pin To Net: NetName=F2 Pin=LED3-2
Added Pin To Net: NetName=G2 Pin=LED3-3
Added Pin To Net: NetName=E2 Pin=LED3-4
Added Pin To Net: NetName=D2 Pin=LED3-5
Added Pin To Net: NetName=GND Pin=LED3-7
Added Pin To Net: NetName=C2 Pin=LED3-8
Added Pin To Net: NetName=GND Pin=LED3-9
Added Pin To Net: NetName=B2 Pin=LED3-10
Added Pin To Net: NetName=A3 Pin=LED4-1
Added Pin To Net: NetName=F3 Pin=LED4-2
Added Pin To Net: NetName=G3 Pin=LED4-3
Added Pin To Net: NetName=E3 Pin=LED4-4
Added Pin To Net: NetName=D3 Pin=LED4-5
Added Pin To Net: NetName=GND Pin=LED4-7
Added Pin To Net: NetName=C3 Pin=LED4-8
Added Pin To Net: NetName=GND Pin=LED4-9
Added Pin To Net: NetName=B3 Pin=LED4-10
Added Pin To Net: NetName=A4 Pin=LED5-1
Added Pin To Net: NetName=F4 Pin=LED5-2
Added Pin To Net: NetName=G4 Pin=LED5-3
Added Pin To Net: NetName=E4 Pin=LED5-4
Added Pin To Net: NetName=D4 Pin=LED5-5
Added Pin To Net: NetName=GND Pin=LED5-7
Added Pin To Net: NetName=C4 Pin=LED5-8
Added Pin To Net: NetName=GND Pin=LED5-9
Added Pin To Net: NetName=B4 Pin=LED5-10
Added Member To Class: ClassName=U_led_show Member=Component LED2 DPY_8SEG_1
Added Member To Class: ClassName=U_led_show Member=Component LED3 DPY_8SEG_1
Added Member To Class: ClassName=U_led_show Member=Component LED5 DPY_8SEG_1
